[debug] [2021-06-24T10:35:18.266Z] ----------------------------------------------------------------------
[debug] [2021-06-24T10:35:18.270Z] Command:       /home/ivar/.volta/tools/image/node/14.15.5/bin/node /home/ivar/.volta/tools/image/packages/firebase-tools/bin/firebase emulators:start
[debug] [2021-06-24T10:35:18.271Z] CLI Version:   9.14.0
[debug] [2021-06-24T10:35:18.271Z] Platform:      linux
[debug] [2021-06-24T10:35:18.271Z] Node Version:  v14.15.5
[debug] [2021-06-24T10:35:18.305Z] Time:          Thu Jun 24 2021 16:05:18 GMT+0530 (India Standard Time)
[debug] [2021-06-24T10:35:18.305Z] ----------------------------------------------------------------------
[debug] 
[debug] [2021-06-24T10:35:18.345Z] > command requires scopes: ["email","openid","https://www.googleapis.com/auth/cloudplatformprojects.readonly","https://www.googleapis.com/auth/firebase","https://www.googleapis.com/auth/cloud-platform"]
[debug] [2021-06-24T10:35:18.345Z] > authorizing via signed-in user (ivar.venna@gmail.com)
[info] i  emulators: Starting emulators: functions, hosting {"metadata":{"emulator":{"name":"hub"},"message":"Starting emulators: functions, hosting"}}
[debug] [2021-06-24T10:35:18.385Z] [hub] writing locator at /tmp/hub-clone-ddbf5.json
[warn] ⚠  functions: The following emulators are not running, calls to these services from the Functions emulator will affect production: auth, firestore, database, pubsub, storage {"metadata":{"emulator":{"name":"functions"},"message":"The following emulators are not running, calls to these services from the Functions emulator will affect production: \u001b[1mauth, firestore, database, pubsub, storage\u001b[22m"}}
[info] ✔  functions: Using node@14 from host. {"metadata":{"emulator":{"name":"functions"},"message":"Using node@14 from host."}}
[debug] [2021-06-24T10:35:18.472Z] defaultcredentials: writing to file /home/ivar/.config/firebase/ivar_venna_gmail.com_application_default_credentials.json
[debug] [2021-06-24T10:35:18.506Z] Setting GAC to /home/ivar/.config/firebase/ivar_venna_gmail.com_application_default_credentials.json {"metadata":{"emulator":{"name":"functions"},"message":"Setting GAC to /home/ivar/.config/firebase/ivar_venna_gmail.com_application_default_credentials.json"}}
[debug] [2021-06-24T10:35:18.510Z] > refreshing access token with scopes: []
[debug] [2021-06-24T10:35:18.511Z] >>> HTTP REQUEST POST https://www.googleapis.com/oauth2/v3/token  
 <request body omitted>
[debug] [2021-06-24T10:35:18.838Z] <<< HTTP RESPONSE 200 {"pragma":"no-cache","expires":"Mon, 01 Jan 1990 00:00:00 GMT","cache-control":"no-cache, no-store, max-age=0, must-revalidate","date":"Thu, 24 Jun 2021 10:35:18 GMT","content-type":"application/json; charset=utf-8","vary":"X-Origin, Referer, Origin,Accept-Encoding","server":"scaffolding on HTTPServer2","x-xss-protection":"0","x-frame-options":"SAMEORIGIN","x-content-type-options":"nosniff","alt-svc":"h3=\":443\"; ma=2592000,h3-29=\":443\"; ma=2592000,h3-T051=\":443\"; ma=2592000,h3-Q050=\":443\"; ma=2592000,h3-Q046=\":443\"; ma=2592000,h3-Q043=\":443\"; ma=2592000,quic=\":443\"; ma=2592000; v=\"46,43\"","accept-ranges":"none","transfer-encoding":"chunked"}
[debug] [2021-06-24T10:35:18.902Z] >>> [apiv2][query] GET https://firebase.googleapis.com/v1beta1/projects/clone-ddbf5/adminSdkConfig [none]
[debug] [2021-06-24T10:35:19.776Z] <<< [apiv2][status] GET https://firebase.googleapis.com/v1beta1/projects/clone-ddbf5/adminSdkConfig 200
[debug] [2021-06-24T10:35:19.776Z] <<< [apiv2][body] GET https://firebase.googleapis.com/v1beta1/projects/clone-ddbf5/adminSdkConfig {"projectId":"clone-ddbf5","storageBucket":"clone-ddbf5.appspot.com","locationId":"us-central"}
[debug] [2021-06-24T10:35:19.847Z] >>> [apiv2][query] GET https://firebasehosting.googleapis.com/v1beta1/projects/clone-ddbf5/sites 
[debug] [2021-06-24T10:35:30.323Z] [work-queue] {"queueLength":1,"workRunningCount":0}
[debug] [2021-06-24T10:35:30.323Z] [work-queue] {"queueLength":0,"workRunningCount":1}
[debug] [2021-06-24T10:35:30.325Z] [work-queue] {"queueLength":0,"workRunningCount":0}
[debug] [2021-06-24T10:37:29.728Z] Failed to list hosting sites
[debug] Failed to make request to https://firebasehosting.googleapis.com/v1beta1/projects/clone-ddbf5/sites
[debug] [2021-06-24T10:37:29.729Z] >>> [apiv2][query] GET https://firebase.googleapis.com/v1beta1/projects/clone-ddbf5/webApps/-/config [none]
[debug] [2021-06-24T10:37:31.266Z] <<< [apiv2][status] GET https://firebase.googleapis.com/v1beta1/projects/clone-ddbf5/webApps/-/config 200
[debug] [2021-06-24T10:37:31.266Z] <<< [apiv2][body] GET https://firebase.googleapis.com/v1beta1/projects/clone-ddbf5/webApps/-/config {"projectId":"clone-ddbf5","appId":"1:166012993797:web:ae41d80bb7e5780cc7776c","storageBucket":"clone-ddbf5.appspot.com","locationId":"us-central","apiKey":"AIzaSyCa7WsypRhuWh3rLMgrkiW-xrNmQQliSkI","authDomain":"clone-ddbf5.firebaseapp.com","messagingSenderId":"166012993797","measurementId":"G-N6V94M2D8H"}
[info] i  hosting: Serving hosting files from: build {"metadata":{"emulator":{"name":"hosting"},"message":"Serving hosting files from: \u001b[1mbuild\u001b[22m"}}
[info] ✔  hosting: Local server: http://localhost:5000 {"metadata":{"emulator":{"name":"hosting"},"message":"Local server: \u001b[4m\u001b[1mhttp://localhost:5000\u001b[22m\u001b[24m"}}
[debug] [2021-06-24T10:37:31.449Z] Ignoring unsupported arg: auto_download {"metadata":{"emulator":{"name":"ui"},"message":"Ignoring unsupported arg: auto_download"}}
[debug] [2021-06-24T10:37:31.449Z] Ignoring unsupported arg: port {"metadata":{"emulator":{"name":"ui"},"message":"Ignoring unsupported arg: port"}}
[debug] [2021-06-24T10:37:31.450Z] Starting Emulator UI with command {"binary":"node","args":["/home/ivar/.cache/firebase/emulators/ui-v1.5.0/server.bundle.js"],"optionalArgs":[],"joinArgs":false} {"metadata":{"emulator":{"name":"ui"},"message":"Starting Emulator UI with command {\"binary\":\"node\",\"args\":[\"/home/ivar/.cache/firebase/emulators/ui-v1.5.0/server.bundle.js\"],\"optionalArgs\":[],\"joinArgs\":false}"}}
[info] i  ui: Emulator UI logging to ui-debug.log {"metadata":{"emulator":{"name":"ui"},"message":"Emulator UI logging to \u001b[1mui-debug.log\u001b[22m"}}
[debug] [2021-06-24T10:37:31.553Z] Web / API server started at http://localhost:4000
 {"metadata":{"emulator":{"name":"ui"},"message":"Web / API server started at http://localhost:4000\n"}}
[info] i  functions: Watching "/home/ivar/amazon-clone/functions" for Cloud Functions... {"metadata":{"emulator":{"name":"functions"},"message":"Watching \"/home/ivar/amazon-clone/functions\" for Cloud Functions..."}}
[debug] [2021-06-24T10:37:31.729Z] [worker-pool] addWorker(~diagnostic~) {"metadata":{"emulator":{"name":"functions"},"message":"[worker-pool] addWorker(~diagnostic~)"}}
[debug] [2021-06-24T10:37:31.729Z] [worker-pool] Adding worker with key ~diagnostic~, total=1 {"metadata":{"emulator":{"name":"functions"},"message":"[worker-pool] Adding worker with key ~diagnostic~, total=1"}}
[debug] [2021-06-24T10:37:31.729Z] [worker-pool] submitWork(triggerId=) {"metadata":{"emulator":{"name":"functions"},"message":"[worker-pool] submitWork(triggerId=)"}}
[debug] [2021-06-24T10:37:31.729Z] [worker-~diagnostic~-baa8a8b6-5d87-4580-af82-f2b5eae5f04f]: Assigning socketPath: /tmp/fire_emu_17510.sock {"metadata":{"emulator":{"name":"functions"},"message":"[worker-~diagnostic~-baa8a8b6-5d87-4580-af82-f2b5eae5f04f]: Assigning socketPath: /tmp/fire_emu_17510.sock"}}
[debug] [2021-06-24T10:37:31.729Z] [worker-~diagnostic~-baa8a8b6-5d87-4580-af82-f2b5eae5f04f]: BUSY {"metadata":{"emulator":{"name":"functions"},"message":"[worker-~diagnostic~-baa8a8b6-5d87-4580-af82-f2b5eae5f04f]: BUSY"}}
[debug] [2021-06-24T10:37:31.849Z] [runtime-status] [17510] Functions runtime initialized. {"cwd":"/home/ivar/amazon-clone/functions","node_version":"14.15.5"} {"metadata":{"emulator":{"name":"functions"},"message":"[runtime-status] [17510] Functions runtime initialized. {\"cwd\":\"/home/ivar/amazon-clone/functions\",\"node_version\":\"14.15.5\"}"}}
[debug] [2021-06-24T10:37:31.849Z] [runtime-status] [17510] Disabled runtime features: undefined {"metadata":{"emulator":{"name":"functions"},"message":"[runtime-status] [17510] Disabled runtime features: undefined"}}
[debug] [2021-06-24T10:37:31.851Z] [runtime-status] [17510] Resolved module firebase-admin {"declared":true,"installed":true,"version":"9.9.0","resolution":"/home/ivar/amazon-clone/functions/node_modules/firebase-admin/lib/index.js"} {"metadata":{"emulator":{"name":"functions"},"message":"[runtime-status] [17510] Resolved module firebase-admin {\"declared\":true,\"installed\":true,\"version\":\"9.9.0\",\"resolution\":\"/home/ivar/amazon-clone/functions/node_modules/firebase-admin/lib/index.js\"}"}}
[debug] [2021-06-24T10:37:31.852Z] [runtime-status] [17510] Resolved module firebase-functions {"declared":true,"installed":true,"version":"3.14.1","resolution":"/home/ivar/amazon-clone/functions/node_modules/firebase-functions/lib/index.js"} {"metadata":{"emulator":{"name":"functions"},"message":"[runtime-status] [17510] Resolved module firebase-functions {\"declared\":true,\"installed\":true,\"version\":\"3.14.1\",\"resolution\":\"/home/ivar/amazon-clone/functions/node_modules/firebase-functions/lib/index.js\"}"}}
[debug] [2021-06-24T10:37:31.852Z] [runtime-status] [17510] Resolved module firebase-functions {"declared":true,"installed":true,"version":"3.14.1","resolution":"/home/ivar/amazon-clone/functions/node_modules/firebase-functions/lib/index.js"} {"metadata":{"emulator":{"name":"functions"},"message":"[runtime-status] [17510] Resolved module firebase-functions {\"declared\":true,\"installed\":true,\"version\":\"3.14.1\",\"resolution\":\"/home/ivar/amazon-clone/functions/node_modules/firebase-functions/lib/index.js\"}"}}
[debug] [2021-06-24T10:37:31.853Z] [runtime-status] [17510] Outgoing network have been stubbed. [{"name":"http","status":"mocked"},{"name":"http","status":"mocked"},{"name":"https","status":"mocked"},{"name":"https","status":"mocked"},{"name":"net","status":"mocked"}] {"metadata":{"emulator":{"name":"functions"},"message":"[runtime-status] [17510] Outgoing network have been stubbed. [{\"name\":\"http\",\"status\":\"mocked\"},{\"name\":\"http\",\"status\":\"mocked\"},{\"name\":\"https\",\"status\":\"mocked\"},{\"name\":\"https\",\"status\":\"mocked\"},{\"name\":\"net\",\"status\":\"mocked\"}]"}}
[debug] [2021-06-24T10:37:31.853Z] [runtime-status] [17510] Resolved module firebase-functions {"declared":true,"installed":true,"version":"3.14.1","resolution":"/home/ivar/amazon-clone/functions/node_modules/firebase-functions/lib/index.js"} {"metadata":{"emulator":{"name":"functions"},"message":"[runtime-status] [17510] Resolved module firebase-functions {\"declared\":true,\"installed\":true,\"version\":\"3.14.1\",\"resolution\":\"/home/ivar/amazon-clone/functions/node_modules/firebase-functions/lib/index.js\"}"}}
[debug] [2021-06-24T10:37:32.259Z] [runtime-status] [17510] Checked functions.config() {"config":{}} {"metadata":{"emulator":{"name":"functions"},"message":"[runtime-status] [17510] Checked functions.config() {\"config\":{}}"}}
[debug] [2021-06-24T10:37:32.259Z] [runtime-status] [17510] firebase-functions has been stubbed. {"functionsResolution":{"declared":true,"installed":true,"version":"3.14.1","resolution":"/home/ivar/amazon-clone/functions/node_modules/firebase-functions/lib/index.js"}} {"metadata":{"emulator":{"name":"functions"},"message":"[runtime-status] [17510] firebase-functions has been stubbed. {\"functionsResolution\":{\"declared\":true,\"installed\":true,\"version\":\"3.14.1\",\"resolution\":\"/home/ivar/amazon-clone/functions/node_modules/firebase-functions/lib/index.js\"}}"}}
[debug] [2021-06-24T10:37:32.261Z] [runtime-status] [17510] Resolved module firebase-functions {"declared":true,"installed":true,"version":"3.14.1","resolution":"/home/ivar/amazon-clone/functions/node_modules/firebase-functions/lib/index.js"} {"metadata":{"emulator":{"name":"functions"},"message":"[runtime-status] [17510] Resolved module firebase-functions {\"declared\":true,\"installed\":true,\"version\":\"3.14.1\",\"resolution\":\"/home/ivar/amazon-clone/functions/node_modules/firebase-functions/lib/index.js\"}"}}
[debug] [2021-06-24T10:37:32.263Z] [runtime-status] [17510] Resolved module firebase-admin {"declared":true,"installed":true,"version":"9.9.0","resolution":"/home/ivar/amazon-clone/functions/node_modules/firebase-admin/lib/index.js"} {"metadata":{"emulator":{"name":"functions"},"message":"[runtime-status] [17510] Resolved module firebase-admin {\"declared\":true,\"installed\":true,\"version\":\"9.9.0\",\"resolution\":\"/home/ivar/amazon-clone/functions/node_modules/firebase-admin/lib/index.js\"}"}}
[debug] [2021-06-24T10:37:32.263Z] [runtime-status] [17510] Resolved module firebase-functions {"declared":true,"installed":true,"version":"3.14.1","resolution":"/home/ivar/amazon-clone/functions/node_modules/firebase-functions/lib/index.js"} {"metadata":{"emulator":{"name":"functions"},"message":"[runtime-status] [17510] Resolved module firebase-functions {\"declared\":true,\"installed\":true,\"version\":\"3.14.1\",\"resolution\":\"/home/ivar/amazon-clone/functions/node_modules/firebase-functions/lib/index.js\"}"}}
[debug] [2021-06-24T10:37:32.265Z] [runtime-status] [17510] firebase-admin has been stubbed. {"adminResolution":{"declared":true,"installed":true,"version":"9.9.0","resolution":"/home/ivar/amazon-clone/functions/node_modules/firebase-admin/lib/index.js"}} {"metadata":{"emulator":{"name":"functions"},"message":"[runtime-status] [17510] firebase-admin has been stubbed. {\"adminResolution\":{\"declared\":true,\"installed\":true,\"version\":\"9.9.0\",\"resolution\":\"/home/ivar/amazon-clone/functions/node_modules/firebase-admin/lib/index.js\"}}"}}
[info] ✔  functions[us-central1-api]: http function initialized (http://localhost:5001/clone-ddbf5/us-central1/api). {"metadata":{"emulator":{"name":"functions"},"message":"\u001b[1mhttp\u001b[22m function initialized (http://localhost:5001/clone-ddbf5/us-central1/api)."}}
[info] 
┌─────────────────────────────────────────────────────────────┐
│ ✔  All emulators ready! It is now safe to connect your app. │
│ i  View Emulator UI at http://localhost:4000                │
└─────────────────────────────────────────────────────────────┘

┌───────────┬────────────────┬─────────────────────────────────┐
│ Emulator  │ Host:Port      │ View in Emulator UI             │
├───────────┼────────────────┼─────────────────────────────────┤
│ Functions │ localhost:5001 │ http://localhost:4000/functions │
├───────────┼────────────────┼─────────────────────────────────┤
│ Hosting   │ localhost:5000 │ n/a                             │
└───────────┴────────────────┴─────────────────────────────────┘
  Emulator Hub running at localhost:4400
  Other reserved ports: 4500

Issues? Report them at https://github.com/firebase/firebase-tools/issues and attach the *-debug.log files.
 
[debug] [2021-06-24T10:37:33.133Z] [worker-~diagnostic~-baa8a8b6-5d87-4580-af82-f2b5eae5f04f]: IDLE {"metadata":{"emulator":{"name":"functions"},"message":"[worker-~diagnostic~-baa8a8b6-5d87-4580-af82-f2b5eae5f04f]: IDLE"}}
[debug] [2021-06-24T10:38:35.533Z] [work-queue] {"queueLength":1,"workRunningCount":0}
[debug] [2021-06-24T10:38:35.533Z] [work-queue] {"queueLength":0,"workRunningCount":1}
[debug] [2021-06-24T10:38:35.533Z] Accepted request GET /clone-ddbf5/us-central1/api --> us-central1-api
[debug] [2021-06-24T10:38:35.540Z] [worker-pool] addWorker(us-central1-api) {"metadata":{"emulator":{"name":"functions"},"message":"[worker-pool] addWorker(us-central1-api)"}}
[debug] [2021-06-24T10:38:35.541Z] [worker-pool] Adding worker with key us-central1-api, total=1 {"metadata":{"emulator":{"name":"functions"},"message":"[worker-pool] Adding worker with key us-central1-api, total=1"}}
[debug] [2021-06-24T10:38:35.541Z] [worker-pool] submitWork(triggerId=us-central1-api) {"metadata":{"emulator":{"name":"functions"},"message":"[worker-pool] submitWork(triggerId=us-central1-api)"}}
[debug] [2021-06-24T10:38:35.541Z] [worker-us-central1-api-c9bd4ef6-63d1-4eec-99b4-514cac2ff5fb]: Assigning socketPath: /tmp/fire_emu_17913.sock {"metadata":{"emulator":{"name":"functions"},"message":"[worker-us-central1-api-c9bd4ef6-63d1-4eec-99b4-514cac2ff5fb]: Assigning socketPath: /tmp/fire_emu_17913.sock"}}
[debug] [2021-06-24T10:38:35.541Z] [worker-us-central1-api-c9bd4ef6-63d1-4eec-99b4-514cac2ff5fb]: BUSY {"metadata":{"emulator":{"name":"functions"},"message":"[worker-us-central1-api-c9bd4ef6-63d1-4eec-99b4-514cac2ff5fb]: BUSY"}}
[debug] [2021-06-24T10:38:35.647Z] [runtime-status] [17913] Functions runtime initialized. {"cwd":"/home/ivar/amazon-clone/functions","node_version":"14.15.5"} {"metadata":{"emulator":{"name":"functions"},"function":{"name":"us-central1-api"},"message":"[runtime-status] [17913] Functions runtime initialized. {\"cwd\":\"/home/ivar/amazon-clone/functions\",\"node_version\":\"14.15.5\"}"}}
[debug] [2021-06-24T10:38:35.649Z] [runtime-status] [17913] Disabled runtime features: undefined {"metadata":{"emulator":{"name":"functions"},"function":{"name":"us-central1-api"},"message":"[runtime-status] [17913] Disabled runtime features: undefined"}}
[debug] [2021-06-24T10:38:35.651Z] [runtime-status] [17913] Resolved module firebase-admin {"declared":true,"installed":true,"version":"9.9.0","resolution":"/home/ivar/amazon-clone/functions/node_modules/firebase-admin/lib/index.js"} {"metadata":{"emulator":{"name":"functions"},"function":{"name":"us-central1-api"},"message":"[runtime-status] [17913] Resolved module firebase-admin {\"declared\":true,\"installed\":true,\"version\":\"9.9.0\",\"resolution\":\"/home/ivar/amazon-clone/functions/node_modules/firebase-admin/lib/index.js\"}"}}
[debug] [2021-06-24T10:38:35.652Z] [runtime-status] [17913] Resolved module firebase-functions {"declared":true,"installed":true,"version":"3.14.1","resolution":"/home/ivar/amazon-clone/functions/node_modules/firebase-functions/lib/index.js"} {"metadata":{"emulator":{"name":"functions"},"function":{"name":"us-central1-api"},"message":"[runtime-status] [17913] Resolved module firebase-functions {\"declared\":true,\"installed\":true,\"version\":\"3.14.1\",\"resolution\":\"/home/ivar/amazon-clone/functions/node_modules/firebase-functions/lib/index.js\"}"}}
[debug] [2021-06-24T10:38:35.652Z] [runtime-status] [17913] Resolved module firebase-functions {"declared":true,"installed":true,"version":"3.14.1","resolution":"/home/ivar/amazon-clone/functions/node_modules/firebase-functions/lib/index.js"} {"metadata":{"emulator":{"name":"functions"},"function":{"name":"us-central1-api"},"message":"[runtime-status] [17913] Resolved module firebase-functions {\"declared\":true,\"installed\":true,\"version\":\"3.14.1\",\"resolution\":\"/home/ivar/amazon-clone/functions/node_modules/firebase-functions/lib/index.js\"}"}}
[debug] [2021-06-24T10:38:35.653Z] [runtime-status] [17913] Outgoing network have been stubbed. [{"name":"http","status":"mocked"},{"name":"http","status":"mocked"},{"name":"https","status":"mocked"},{"name":"https","status":"mocked"},{"name":"net","status":"mocked"}] {"metadata":{"emulator":{"name":"functions"},"function":{"name":"us-central1-api"},"message":"[runtime-status] [17913] Outgoing network have been stubbed. [{\"name\":\"http\",\"status\":\"mocked\"},{\"name\":\"http\",\"status\":\"mocked\"},{\"name\":\"https\",\"status\":\"mocked\"},{\"name\":\"https\",\"status\":\"mocked\"},{\"name\":\"net\",\"status\":\"mocked\"}]"}}
[debug] [2021-06-24T10:38:35.653Z] [runtime-status] [17913] Resolved module firebase-functions {"declared":true,"installed":true,"version":"3.14.1","resolution":"/home/ivar/amazon-clone/functions/node_modules/firebase-functions/lib/index.js"} {"metadata":{"emulator":{"name":"functions"},"function":{"name":"us-central1-api"},"message":"[runtime-status] [17913] Resolved module firebase-functions {\"declared\":true,\"installed\":true,\"version\":\"3.14.1\",\"resolution\":\"/home/ivar/amazon-clone/functions/node_modules/firebase-functions/lib/index.js\"}"}}
[debug] [2021-06-24T10:38:35.681Z] [runtime-status] [17913] Checked functions.config() {"config":{}} {"metadata":{"emulator":{"name":"functions"},"function":{"name":"us-central1-api"},"message":"[runtime-status] [17913] Checked functions.config() {\"config\":{}}"}}
[debug] [2021-06-24T10:38:35.682Z] [runtime-status] [17913] firebase-functions has been stubbed. {"functionsResolution":{"declared":true,"installed":true,"version":"3.14.1","resolution":"/home/ivar/amazon-clone/functions/node_modules/firebase-functions/lib/index.js"}} {"metadata":{"emulator":{"name":"functions"},"function":{"name":"us-central1-api"},"message":"[runtime-status] [17913] firebase-functions has been stubbed. {\"functionsResolution\":{\"declared\":true,\"installed\":true,\"version\":\"3.14.1\",\"resolution\":\"/home/ivar/amazon-clone/functions/node_modules/firebase-functions/lib/index.js\"}}"}}
[debug] [2021-06-24T10:38:35.682Z] [runtime-status] [17913] Resolved module firebase-functions {"declared":true,"installed":true,"version":"3.14.1","resolution":"/home/ivar/amazon-clone/functions/node_modules/firebase-functions/lib/index.js"} {"metadata":{"emulator":{"name":"functions"},"function":{"name":"us-central1-api"},"message":"[runtime-status] [17913] Resolved module firebase-functions {\"declared\":true,\"installed\":true,\"version\":\"3.14.1\",\"resolution\":\"/home/ivar/amazon-clone/functions/node_modules/firebase-functions/lib/index.js\"}"}}
[debug] [2021-06-24T10:38:35.684Z] [runtime-status] [17913] Resolved module firebase-admin {"declared":true,"installed":true,"version":"9.9.0","resolution":"/home/ivar/amazon-clone/functions/node_modules/firebase-admin/lib/index.js"} {"metadata":{"emulator":{"name":"functions"},"function":{"name":"us-central1-api"},"message":"[runtime-status] [17913] Resolved module firebase-admin {\"declared\":true,\"installed\":true,\"version\":\"9.9.0\",\"resolution\":\"/home/ivar/amazon-clone/functions/node_modules/firebase-admin/lib/index.js\"}"}}
[debug] [2021-06-24T10:38:35.684Z] [runtime-status] [17913] Resolved module firebase-functions {"declared":true,"installed":true,"version":"3.14.1","resolution":"/home/ivar/amazon-clone/functions/node_modules/firebase-functions/lib/index.js"} {"metadata":{"emulator":{"name":"functions"},"function":{"name":"us-central1-api"},"message":"[runtime-status] [17913] Resolved module firebase-functions {\"declared\":true,\"installed\":true,\"version\":\"3.14.1\",\"resolution\":\"/home/ivar/amazon-clone/functions/node_modules/firebase-functions/lib/index.js\"}"}}
[debug] [2021-06-24T10:38:35.684Z] [runtime-status] [17913] firebase-admin has been stubbed. {"adminResolution":{"declared":true,"installed":true,"version":"9.9.0","resolution":"/home/ivar/amazon-clone/functions/node_modules/firebase-admin/lib/index.js"}} {"metadata":{"emulator":{"name":"functions"},"function":{"name":"us-central1-api"},"message":"[runtime-status] [17913] firebase-admin has been stubbed. {\"adminResolution\":{\"declared\":true,\"installed\":true,\"version\":\"9.9.0\",\"resolution\":\"/home/ivar/amazon-clone/functions/node_modules/firebase-admin/lib/index.js\"}}"}}
[debug] [2021-06-24T10:38:35.753Z] [runtime-status] [17913] Trigger "us-central1-api" has been found, beginning invocation! {"metadata":{"emulator":{"name":"functions"},"function":{"name":"us-central1-api"},"message":"[runtime-status] [17913] Trigger \"us-central1-api\" has been found, beginning invocation!"}}
[info] i  functions: Beginning execution of "us-central1-api" {"metadata":{"emulator":{"name":"functions"},"function":{"name":"us-central1-api"},"message":"Beginning execution of \"us-central1-api\""}}
[debug] [2021-06-24T10:38:35.755Z] [runtime-status] [17913] triggerDefinition {"httpsTrigger":{},"name":"api","entryPoint":"api","regions":["us-central1"],"region":"us-central1","id":"us-central1-api"} {"metadata":{"emulator":{"name":"functions"},"function":{"name":"us-central1-api"},"message":"[runtime-status] [17913] triggerDefinition {\"httpsTrigger\":{},\"name\":\"api\",\"entryPoint\":\"api\",\"regions\":[\"us-central1\"],\"region\":\"us-central1\",\"id\":\"us-central1-api\"}"}}
[debug] [2021-06-24T10:38:35.755Z] [runtime-status] [17913] Running us-central1-api in mode HTTPS {"metadata":{"emulator":{"name":"functions"},"function":{"name":"us-central1-api"},"message":"[runtime-status] [17913] Running us-central1-api in mode HTTPS"}}
[debug] [2021-06-24T10:38:35.756Z] [runtime-status] [17913] Attempting to listen to socketPath: /tmp/fire_emu_17913.sock {"metadata":{"emulator":{"name":"functions"},"function":{"name":"us-central1-api"},"message":"[runtime-status] [17913] Attempting to listen to socketPath: /tmp/fire_emu_17913.sock"}}
[debug] [2021-06-24T10:38:35.761Z] [functions] Runtime ready! Sending request! {"metadata":{"emulator":{"name":"functions"},"message":"[functions] Runtime ready! Sending request!"}}
[debug] [2021-06-24T10:38:35.762Z] [functions] Got req.url=/clone-ddbf5/us-central1/api, mapping to path=/ {"metadata":{"emulator":{"name":"functions"},"message":"[functions] Got req.url=/clone-ddbf5/us-central1/api, mapping to path=/"}}
[debug] [2021-06-24T10:38:35.770Z] [runtime-status] [17913] Ephemeral server handling GET request {"metadata":{"emulator":{"name":"functions"},"function":{"name":"us-central1-api"},"message":"[runtime-status] [17913] Ephemeral server handling GET request"}}
[debug] [2021-06-24T10:38:35.777Z] [runtime-status] [17913] Ephemeral server survived. {"metadata":{"emulator":{"name":"functions"},"function":{"name":"us-central1-api"},"message":"[runtime-status] [17913] Ephemeral server survived."}}
[info] i  functions: Finished "us-central1-api" in ~1s {"metadata":{"emulator":{"name":"functions"},"function":{"name":"us-central1-api"},"message":"Finished \"us-central1-api\" in ~1s"}}
[debug] [2021-06-24T10:38:35.779Z] [worker-us-central1-api-c9bd4ef6-63d1-4eec-99b4-514cac2ff5fb]: IDLE {"metadata":{"emulator":{"name":"functions"},"message":"[worker-us-central1-api-c9bd4ef6-63d1-4eec-99b4-514cac2ff5fb]: IDLE"}}
[debug] [2021-06-24T10:38:35.780Z] [work-queue] {"queueLength":0,"workRunningCount":0}
[debug] [2021-06-24T10:38:35.884Z] Functions emulator received unknown request at path /favicon.ico
[debug] [2021-06-24T10:39:11.793Z] [work-queue] {"queueLength":1,"workRunningCount":0}
[debug] [2021-06-24T10:39:11.794Z] [work-queue] {"queueLength":0,"workRunningCount":1}
[debug] [2021-06-24T10:39:11.794Z] Accepted request POST /clone-ddbf5/us-central1/api/payments/create?total=21195 --> us-central1-api
[debug] [2021-06-24T10:39:11.794Z] [worker-pool] submitWork(triggerId=us-central1-api) {"metadata":{"emulator":{"name":"functions"},"message":"[worker-pool] submitWork(triggerId=us-central1-api)"}}
[debug] [2021-06-24T10:39:11.795Z] [worker-us-central1-api-c9bd4ef6-63d1-4eec-99b4-514cac2ff5fb]: Assigning socketPath: /tmp/fire_emu_17913.sock {"metadata":{"emulator":{"name":"functions"},"message":"[worker-us-central1-api-c9bd4ef6-63d1-4eec-99b4-514cac2ff5fb]: Assigning socketPath: /tmp/fire_emu_17913.sock"}}
[debug] [2021-06-24T10:39:11.795Z] [worker-us-central1-api-c9bd4ef6-63d1-4eec-99b4-514cac2ff5fb]: BUSY {"metadata":{"emulator":{"name":"functions"},"message":"[worker-us-central1-api-c9bd4ef6-63d1-4eec-99b4-514cac2ff5fb]: BUSY"}}
[debug] [2021-06-24T10:39:11.799Z] [runtime-status] [17913] Trigger "us-central1-api" has been found, beginning invocation! {"metadata":{"emulator":{"name":"functions"},"function":{"name":"us-central1-api"},"message":"[runtime-status] [17913] Trigger \"us-central1-api\" has been found, beginning invocation!"}}
[info] i  functions: Beginning execution of "us-central1-api" {"metadata":{"emulator":{"name":"functions"},"function":{"name":"us-central1-api"},"message":"Beginning execution of \"us-central1-api\""}}
[debug] [2021-06-24T10:39:11.800Z] [runtime-status] [17913] triggerDefinition {"httpsTrigger":{},"name":"api","entryPoint":"api","regions":["us-central1"],"region":"us-central1","id":"us-central1-api"} {"metadata":{"emulator":{"name":"functions"},"function":{"name":"us-central1-api"},"message":"[runtime-status] [17913] triggerDefinition {\"httpsTrigger\":{},\"name\":\"api\",\"entryPoint\":\"api\",\"regions\":[\"us-central1\"],\"region\":\"us-central1\",\"id\":\"us-central1-api\"}"}}
[debug] [2021-06-24T10:39:11.801Z] [runtime-status] [17913] Running us-central1-api in mode HTTPS {"metadata":{"emulator":{"name":"functions"},"function":{"name":"us-central1-api"},"message":"[runtime-status] [17913] Running us-central1-api in mode HTTPS"}}
[debug] [2021-06-24T10:39:11.801Z] [runtime-status] [17913] Attempting to listen to socketPath: /tmp/fire_emu_17913.sock {"metadata":{"emulator":{"name":"functions"},"function":{"name":"us-central1-api"},"message":"[runtime-status] [17913] Attempting to listen to socketPath: /tmp/fire_emu_17913.sock"}}
[debug] [2021-06-24T10:39:11.802Z] [functions] Runtime ready! Sending request! {"metadata":{"emulator":{"name":"functions"},"message":"[functions] Runtime ready! Sending request!"}}
[debug] [2021-06-24T10:39:11.803Z] [functions] Got req.url=/clone-ddbf5/us-central1/api/payments/create?total=21195, mapping to path=/payments/create?total=21195 {"metadata":{"emulator":{"name":"functions"},"message":"[functions] Got req.url=/clone-ddbf5/us-central1/api/payments/create?total=21195, mapping to path=/payments/create?total=21195"}}
[debug] [2021-06-24T10:39:11.808Z] [runtime-status] [17913] Ephemeral server handling POST request {"metadata":{"emulator":{"name":"functions"},"function":{"name":"us-central1-api"},"message":"[runtime-status] [17913] Ephemeral server handling POST request"}}
[info] >  Payment Request Recieved BOOM!!! for this amount >>>  21195 {"user":"Payment Request Recieved BOOM!!! for this amount >>>  21195","metadata":{"emulator":{"name":"functions"},"function":{"name":"us-central1-api"},"message":"\u001b[90m> \u001b[39m Payment Request Recieved BOOM!!! for this amount >>>  21195"}}
[debug] [2021-06-24T10:39:11.819Z] [runtime-status] [17913] Ephemeral server survived. {"metadata":{"emulator":{"name":"functions"},"function":{"name":"us-central1-api"},"message":"[runtime-status] [17913] Ephemeral server survived."}}
[info] i  functions: Finished "us-central1-api" in ~1s {"metadata":{"emulator":{"name":"functions"},"function":{"name":"us-central1-api"},"message":"Finished \"us-central1-api\" in ~1s"}}
[debug] [2021-06-24T10:39:12.655Z] [worker-us-central1-api-c9bd4ef6-63d1-4eec-99b4-514cac2ff5fb]: IDLE {"metadata":{"emulator":{"name":"functions"},"message":"[worker-us-central1-api-c9bd4ef6-63d1-4eec-99b4-514cac2ff5fb]: IDLE"}}
[debug] [2021-06-24T10:39:12.655Z] [work-queue] {"queueLength":0,"workRunningCount":0}
[debug] [2021-06-24T10:39:38.678Z] [work-queue] {"queueLength":1,"workRunningCount":0}
[debug] [2021-06-24T10:39:38.679Z] [work-queue] {"queueLength":0,"workRunningCount":1}
[debug] [2021-06-24T10:39:38.679Z] Accepted request POST /clone-ddbf5/us-central1/api/payments/create?total=0 --> us-central1-api
[debug] [2021-06-24T10:39:38.679Z] [worker-pool] submitWork(triggerId=us-central1-api) {"metadata":{"emulator":{"name":"functions"},"message":"[worker-pool] submitWork(triggerId=us-central1-api)"}}
[debug] [2021-06-24T10:39:38.679Z] [worker-us-central1-api-c9bd4ef6-63d1-4eec-99b4-514cac2ff5fb]: Assigning socketPath: /tmp/fire_emu_17913.sock {"metadata":{"emulator":{"name":"functions"},"message":"[worker-us-central1-api-c9bd4ef6-63d1-4eec-99b4-514cac2ff5fb]: Assigning socketPath: /tmp/fire_emu_17913.sock"}}
[debug] [2021-06-24T10:39:38.680Z] [worker-us-central1-api-c9bd4ef6-63d1-4eec-99b4-514cac2ff5fb]: BUSY {"metadata":{"emulator":{"name":"functions"},"message":"[worker-us-central1-api-c9bd4ef6-63d1-4eec-99b4-514cac2ff5fb]: BUSY"}}
[debug] [2021-06-24T10:39:38.684Z] [runtime-status] [17913] Trigger "us-central1-api" has been found, beginning invocation! {"metadata":{"emulator":{"name":"functions"},"function":{"name":"us-central1-api"},"message":"[runtime-status] [17913] Trigger \"us-central1-api\" has been found, beginning invocation!"}}
[info] i  functions: Beginning execution of "us-central1-api" {"metadata":{"emulator":{"name":"functions"},"function":{"name":"us-central1-api"},"message":"Beginning execution of \"us-central1-api\""}}
[debug] [2021-06-24T10:39:38.685Z] [runtime-status] [17913] triggerDefinition {"httpsTrigger":{},"name":"api","entryPoint":"api","regions":["us-central1"],"region":"us-central1","id":"us-central1-api"} {"metadata":{"emulator":{"name":"functions"},"function":{"name":"us-central1-api"},"message":"[runtime-status] [17913] triggerDefinition {\"httpsTrigger\":{},\"name\":\"api\",\"entryPoint\":\"api\",\"regions\":[\"us-central1\"],\"region\":\"us-central1\",\"id\":\"us-central1-api\"}"}}
[debug] [2021-06-24T10:39:38.685Z] [runtime-status] [17913] Running us-central1-api in mode HTTPS {"metadata":{"emulator":{"name":"functions"},"function":{"name":"us-central1-api"},"message":"[runtime-status] [17913] Running us-central1-api in mode HTTPS"}}
[debug] [2021-06-24T10:39:38.686Z] [runtime-status] [17913] Attempting to listen to socketPath: /tmp/fire_emu_17913.sock {"metadata":{"emulator":{"name":"functions"},"function":{"name":"us-central1-api"},"message":"[runtime-status] [17913] Attempting to listen to socketPath: /tmp/fire_emu_17913.sock"}}
[debug] [2021-06-24T10:39:38.687Z] [functions] Runtime ready! Sending request! {"metadata":{"emulator":{"name":"functions"},"message":"[functions] Runtime ready! Sending request!"}}
[debug] [2021-06-24T10:39:38.688Z] [functions] Got req.url=/clone-ddbf5/us-central1/api/payments/create?total=0, mapping to path=/payments/create?total=0 {"metadata":{"emulator":{"name":"functions"},"message":"[functions] Got req.url=/clone-ddbf5/us-central1/api/payments/create?total=0, mapping to path=/payments/create?total=0"}}
[debug] [2021-06-24T10:39:38.693Z] [runtime-status] [17913] Ephemeral server handling POST request {"metadata":{"emulator":{"name":"functions"},"function":{"name":"us-central1-api"},"message":"[runtime-status] [17913] Ephemeral server handling POST request"}}
[info] >  Payment Request Recieved BOOM!!! for this amount >>>  0 {"user":"Payment Request Recieved BOOM!!! for this amount >>>  0","metadata":{"emulator":{"name":"functions"},"function":{"name":"us-central1-api"},"message":"\u001b[90m> \u001b[39m Payment Request Recieved BOOM!!! for this amount >>>  0"}}
[debug] [2021-06-24T10:39:38.696Z] [runtime-status] [17913] Ephemeral server survived. {"metadata":{"emulator":{"name":"functions"},"function":{"name":"us-central1-api"},"message":"[runtime-status] [17913] Ephemeral server survived."}}
[info] >  (node:17913) UnhandledPromiseRejectionWarning: Error: This value must be greater than or equal to 1. {"user":"(node:17913) UnhandledPromiseRejectionWarning: Error: This value must be greater than or equal to 1.","metadata":{"emulator":{"name":"functions"},"function":{"name":"us-central1-api"},"message":"\u001b[90m> \u001b[39m (node:17913) UnhandledPromiseRejectionWarning: Error: This value must be greater than or equal to 1."}}
[info] >      at Function.generate (/home/ivar/amazon-clone/functions/node_modules/stripe/lib/Error.js:40:16) {"user":"    at Function.generate (/home/ivar/amazon-clone/functions/node_modules/stripe/lib/Error.js:40:16)","metadata":{"emulator":{"name":"functions"},"function":{"name":"us-central1-api"},"message":"\u001b[90m> \u001b[39m     at Function.generate (/home/ivar/amazon-clone/functions/node_modules/stripe/lib/Error.js:40:16)"}}
[info] >      at IncomingMessage.<anonymous> (/home/ivar/amazon-clone/functions/node_modules/stripe/lib/StripeResource.js:180:33) {"user":"    at IncomingMessage.<anonymous> (/home/ivar/amazon-clone/functions/node_modules/stripe/lib/StripeResource.js:180:33)","metadata":{"emulator":{"name":"functions"},"function":{"name":"us-central1-api"},"message":"\u001b[90m> \u001b[39m     at IncomingMessage.<anonymous> (/home/ivar/amazon-clone/functions/node_modules/stripe/lib/StripeResource.js:180:33)"}}
[info] >      at Object.onceWrapper (events.js:421:28) {"user":"    at Object.onceWrapper (events.js:421:28)","metadata":{"emulator":{"name":"functions"},"function":{"name":"us-central1-api"},"message":"\u001b[90m> \u001b[39m     at Object.onceWrapper (events.js:421:28)"}}
[info] >      at IncomingMessage.emit (events.js:327:22) {"user":"    at IncomingMessage.emit (events.js:327:22)","metadata":{"emulator":{"name":"functions"},"function":{"name":"us-central1-api"},"message":"\u001b[90m> \u001b[39m     at IncomingMessage.emit (events.js:327:22)"}}
[info] >      at endReadableNT (internal/streams/readable.js:1327:12) {"user":"    at endReadableNT (internal/streams/readable.js:1327:12)","metadata":{"emulator":{"name":"functions"},"function":{"name":"us-central1-api"},"message":"\u001b[90m> \u001b[39m     at endReadableNT (internal/streams/readable.js:1327:12)"}}
[info] >      at processTicksAndRejections (internal/process/task_queues.js:80:21) {"user":"    at processTicksAndRejections (internal/process/task_queues.js:80:21)","metadata":{"emulator":{"name":"functions"},"function":{"name":"us-central1-api"},"message":"\u001b[90m> \u001b[39m     at processTicksAndRejections (internal/process/task_queues.js:80:21)"}}
[info] >  (Use `node --trace-warnings ...` to show where the warning was created) {"user":"(Use `node --trace-warnings ...` to show where the warning was created)","metadata":{"emulator":{"name":"functions"},"function":{"name":"us-central1-api"},"message":"\u001b[90m> \u001b[39m (Use `node --trace-warnings ...` to show where the warning was created)"}}
[info] >  (node:17913) UnhandledPromiseRejectionWarning: Unhandled promise rejection. This error originated either by throwing inside of an async function without a catch block, or by rejecting a promise which was not handled with .catch(). To terminate the node process on unhandled promise rejection, use the CLI flag `--unhandled-rejections=strict` (see https://nodejs.org/api/cli.html#cli_unhandled_rejections_mode). (rejection id: 1) {"user":"(node:17913) UnhandledPromiseRejectionWarning: Unhandled promise rejection. This error originated either by throwing inside of an async function without a catch block, or by rejecting a promise which was not handled with .catch(). To terminate the node process on unhandled promise rejection, use the CLI flag `--unhandled-rejections=strict` (see https://nodejs.org/api/cli.html#cli_unhandled_rejections_mode). (rejection id: 1)","metadata":{"emulator":{"name":"functions"},"function":{"name":"us-central1-api"},"message":"\u001b[90m> \u001b[39m (node:17913) UnhandledPromiseRejectionWarning: Unhandled promise rejection. This error originated either by throwing inside of an async function without a catch block, or by rejecting a promise which was not handled with .catch(). To terminate the node process on unhandled promise rejection, use the CLI flag `--unhandled-rejections=strict` (see https://nodejs.org/api/cli.html#cli_unhandled_rejections_mode). (rejection id: 1)"}}
[info] >  (node:17913) [DEP0018] DeprecationWarning: Unhandled promise rejections are deprecated. In the future, promise rejections that are not handled will terminate the Node.js process with a non-zero exit code. {"user":"(node:17913) [DEP0018] DeprecationWarning: Unhandled promise rejections are deprecated. In the future, promise rejections that are not handled will terminate the Node.js process with a non-zero exit code.","metadata":{"emulator":{"name":"functions"},"function":{"name":"us-central1-api"},"message":"\u001b[90m> \u001b[39m (node:17913) [DEP0018] DeprecationWarning: Unhandled promise rejections are deprecated. In the future, promise rejections that are not handled will terminate the Node.js process with a non-zero exit code."}}
[warn] ⚠  functions: Your function timed out after ~60s. To configure this timeout, see
      https://firebase.google.com/docs/functions/manage-functions#set_timeout_and_memory_allocation. {"metadata":{"emulator":{"name":"functions"},"function":{"name":"us-central1-api"},"message":"Your function timed out after ~60s. To configure this timeout, see\n      https://firebase.google.com/docs/functions/manage-functions#set_timeout_and_memory_allocation."}}
[info] >  /home/ivar/.volta/tools/image/packages/firebase-tools/lib/node_modules/firebase-tools/lib/emulator/functionsEmulatorRuntime.js:648 {"user":"/home/ivar/.volta/tools/image/packages/firebase-tools/lib/node_modules/firebase-tools/lib/emulator/functionsEmulatorRuntime.js:648","metadata":{"emulator":{"name":"functions"},"function":{"name":"us-central1-api"},"message":"\u001b[90m> \u001b[39m /home/ivar/.volta/tools/image/packages/firebase-tools/lib/node_modules/firebase-tools/lib/emulator/functionsEmulatorRuntime.js:648"}}
[info] >              throw new Error("Function timed out."); {"user":"            throw new Error(\"Function timed out.\");","metadata":{"emulator":{"name":"functions"},"function":{"name":"us-central1-api"},"message":"\u001b[90m> \u001b[39m             throw new Error(\"Function timed out.\");"}}
[info] >              ^ {"user":"            ^","metadata":{"emulator":{"name":"functions"},"function":{"name":"us-central1-api"},"message":"\u001b[90m> \u001b[39m             ^"}}
[info] >   {"user":"","metadata":{"emulator":{"name":"functions"},"function":{"name":"us-central1-api"},"message":"\u001b[90m> \u001b[39m "}}
[info] >  Error: Function timed out. {"user":"Error: Function timed out.","metadata":{"emulator":{"name":"functions"},"function":{"name":"us-central1-api"},"message":"\u001b[90m> \u001b[39m Error: Function timed out."}}
[info] >      at Timeout._onTimeout (/home/ivar/.volta/tools/image/packages/firebase-tools/lib/node_modules/firebase-tools/lib/emulator/functionsEmulatorRuntime.js:648:19) {"user":"    at Timeout._onTimeout (/home/ivar/.volta/tools/image/packages/firebase-tools/lib/node_modules/firebase-tools/lib/emulator/functionsEmulatorRuntime.js:648:19)","metadata":{"emulator":{"name":"functions"},"function":{"name":"us-central1-api"},"message":"\u001b[90m> \u001b[39m     at Timeout._onTimeout (/home/ivar/.volta/tools/image/packages/firebase-tools/lib/node_modules/firebase-tools/lib/emulator/functionsEmulatorRuntime.js:648:19)"}}
[info] >      at listOnTimeout (internal/timers.js:554:17) {"user":"    at listOnTimeout (internal/timers.js:554:17)","metadata":{"emulator":{"name":"functions"},"function":{"name":"us-central1-api"},"message":"\u001b[90m> \u001b[39m     at listOnTimeout (internal/timers.js:554:17)"}}
[info] >      at processTimers (internal/timers.js:497:7) {"user":"    at processTimers (internal/timers.js:497:7)","metadata":{"emulator":{"name":"functions"},"function":{"name":"us-central1-api"},"message":"\u001b[90m> \u001b[39m     at processTimers (internal/timers.js:497:7)"}}
[debug] [2021-06-24T10:40:38.719Z] [worker-us-central1-api-c9bd4ef6-63d1-4eec-99b4-514cac2ff5fb]: exited {"metadata":{"emulator":{"name":"functions"},"message":"[worker-us-central1-api-c9bd4ef6-63d1-4eec-99b4-514cac2ff5fb]: exited"}}
[debug] [2021-06-24T10:40:38.719Z] [worker-us-central1-api-c9bd4ef6-63d1-4eec-99b4-514cac2ff5fb]: FINISHED {"metadata":{"emulator":{"name":"functions"},"message":"[worker-us-central1-api-c9bd4ef6-63d1-4eec-99b4-514cac2ff5fb]: FINISHED"}}
[debug] [2021-06-24T10:40:38.719Z] [work-queue] {"queueLength":0,"workRunningCount":0}
[debug] [2021-06-24T10:41:26.195Z] [work-queue] {"queueLength":1,"workRunningCount":0}
[debug] [2021-06-24T10:41:26.196Z] [work-queue] {"queueLength":0,"workRunningCount":1}
[debug] [2021-06-24T10:41:26.196Z] Accepted request POST /clone-ddbf5/us-central1/api/payments/create?total=59899 --> us-central1-api
[debug] [2021-06-24T10:41:26.196Z] [worker-pool] Cleaned up workers for us-central1-api: 1 --> 0 {"metadata":{"emulator":{"name":"functions"},"message":"[worker-pool] Cleaned up workers for us-central1-api: 1 --> 0"}}
[debug] [2021-06-24T10:41:26.205Z] [worker-pool] addWorker(us-central1-api) {"metadata":{"emulator":{"name":"functions"},"message":"[worker-pool] addWorker(us-central1-api)"}}
[debug] [2021-06-24T10:41:26.205Z] [worker-pool] Adding worker with key us-central1-api, total=1 {"metadata":{"emulator":{"name":"functions"},"message":"[worker-pool] Adding worker with key us-central1-api, total=1"}}
[debug] [2021-06-24T10:41:26.205Z] [worker-pool] submitWork(triggerId=us-central1-api) {"metadata":{"emulator":{"name":"functions"},"message":"[worker-pool] submitWork(triggerId=us-central1-api)"}}
[debug] [2021-06-24T10:41:26.205Z] [worker-us-central1-api-bdd561ef-3aaa-42b3-be0b-8e5578d75b2e]: Assigning socketPath: /tmp/fire_emu_18174.sock {"metadata":{"emulator":{"name":"functions"},"message":"[worker-us-central1-api-bdd561ef-3aaa-42b3-be0b-8e5578d75b2e]: Assigning socketPath: /tmp/fire_emu_18174.sock"}}
[debug] [2021-06-24T10:41:26.205Z] [worker-us-central1-api-bdd561ef-3aaa-42b3-be0b-8e5578d75b2e]: BUSY {"metadata":{"emulator":{"name":"functions"},"message":"[worker-us-central1-api-bdd561ef-3aaa-42b3-be0b-8e5578d75b2e]: BUSY"}}
[debug] [2021-06-24T10:41:26.332Z] [runtime-status] [18174] Functions runtime initialized. {"cwd":"/home/ivar/amazon-clone/functions","node_version":"14.15.5"} {"metadata":{"emulator":{"name":"functions"},"function":{"name":"us-central1-api"},"message":"[runtime-status] [18174] Functions runtime initialized. {\"cwd\":\"/home/ivar/amazon-clone/functions\",\"node_version\":\"14.15.5\"}"}}
[debug] [2021-06-24T10:41:26.334Z] [runtime-status] [18174] Disabled runtime features: undefined {"metadata":{"emulator":{"name":"functions"},"function":{"name":"us-central1-api"},"message":"[runtime-status] [18174] Disabled runtime features: undefined"}}
[debug] [2021-06-24T10:41:26.335Z] [runtime-status] [18174] Resolved module firebase-admin {"declared":true,"installed":true,"version":"9.9.0","resolution":"/home/ivar/amazon-clone/functions/node_modules/firebase-admin/lib/index.js"} {"metadata":{"emulator":{"name":"functions"},"function":{"name":"us-central1-api"},"message":"[runtime-status] [18174] Resolved module firebase-admin {\"declared\":true,\"installed\":true,\"version\":\"9.9.0\",\"resolution\":\"/home/ivar/amazon-clone/functions/node_modules/firebase-admin/lib/index.js\"}"}}
[debug] [2021-06-24T10:41:26.336Z] [runtime-status] [18174] Resolved module firebase-functions {"declared":true,"installed":true,"version":"3.14.1","resolution":"/home/ivar/amazon-clone/functions/node_modules/firebase-functions/lib/index.js"} {"metadata":{"emulator":{"name":"functions"},"function":{"name":"us-central1-api"},"message":"[runtime-status] [18174] Resolved module firebase-functions {\"declared\":true,\"installed\":true,\"version\":\"3.14.1\",\"resolution\":\"/home/ivar/amazon-clone/functions/node_modules/firebase-functions/lib/index.js\"}"}}
[debug] [2021-06-24T10:41:26.337Z] [runtime-status] [18174] Resolved module firebase-functions {"declared":true,"installed":true,"version":"3.14.1","resolution":"/home/ivar/amazon-clone/functions/node_modules/firebase-functions/lib/index.js"} {"metadata":{"emulator":{"name":"functions"},"function":{"name":"us-central1-api"},"message":"[runtime-status] [18174] Resolved module firebase-functions {\"declared\":true,\"installed\":true,\"version\":\"3.14.1\",\"resolution\":\"/home/ivar/amazon-clone/functions/node_modules/firebase-functions/lib/index.js\"}"}}
[debug] [2021-06-24T10:41:26.338Z] [runtime-status] [18174] Outgoing network have been stubbed. [{"name":"http","status":"mocked"},{"name":"http","status":"mocked"},{"name":"https","status":"mocked"},{"name":"https","status":"mocked"},{"name":"net","status":"mocked"}] {"metadata":{"emulator":{"name":"functions"},"function":{"name":"us-central1-api"},"message":"[runtime-status] [18174] Outgoing network have been stubbed. [{\"name\":\"http\",\"status\":\"mocked\"},{\"name\":\"http\",\"status\":\"mocked\"},{\"name\":\"https\",\"status\":\"mocked\"},{\"name\":\"https\",\"status\":\"mocked\"},{\"name\":\"net\",\"status\":\"mocked\"}]"}}
[debug] [2021-06-24T10:41:26.338Z] [runtime-status] [18174] Resolved module firebase-functions {"declared":true,"installed":true,"version":"3.14.1","resolution":"/home/ivar/amazon-clone/functions/node_modules/firebase-functions/lib/index.js"} {"metadata":{"emulator":{"name":"functions"},"function":{"name":"us-central1-api"},"message":"[runtime-status] [18174] Resolved module firebase-functions {\"declared\":true,\"installed\":true,\"version\":\"3.14.1\",\"resolution\":\"/home/ivar/amazon-clone/functions/node_modules/firebase-functions/lib/index.js\"}"}}
[debug] [2021-06-24T10:41:26.367Z] [runtime-status] [18174] Checked functions.config() {"config":{}} {"metadata":{"emulator":{"name":"functions"},"function":{"name":"us-central1-api"},"message":"[runtime-status] [18174] Checked functions.config() {\"config\":{}}"}}
[debug] [2021-06-24T10:41:26.368Z] [runtime-status] [18174] firebase-functions has been stubbed. {"functionsResolution":{"declared":true,"installed":true,"version":"3.14.1","resolution":"/home/ivar/amazon-clone/functions/node_modules/firebase-functions/lib/index.js"}} {"metadata":{"emulator":{"name":"functions"},"function":{"name":"us-central1-api"},"message":"[runtime-status] [18174] firebase-functions has been stubbed. {\"functionsResolution\":{\"declared\":true,\"installed\":true,\"version\":\"3.14.1\",\"resolution\":\"/home/ivar/amazon-clone/functions/node_modules/firebase-functions/lib/index.js\"}}"}}
[debug] [2021-06-24T10:41:26.368Z] [runtime-status] [18174] Resolved module firebase-functions {"declared":true,"installed":true,"version":"3.14.1","resolution":"/home/ivar/amazon-clone/functions/node_modules/firebase-functions/lib/index.js"} {"metadata":{"emulator":{"name":"functions"},"function":{"name":"us-central1-api"},"message":"[runtime-status] [18174] Resolved module firebase-functions {\"declared\":true,\"installed\":true,\"version\":\"3.14.1\",\"resolution\":\"/home/ivar/amazon-clone/functions/node_modules/firebase-functions/lib/index.js\"}"}}
[debug] [2021-06-24T10:41:26.369Z] [runtime-status] [18174] Resolved module firebase-admin {"declared":true,"installed":true,"version":"9.9.0","resolution":"/home/ivar/amazon-clone/functions/node_modules/firebase-admin/lib/index.js"} {"metadata":{"emulator":{"name":"functions"},"function":{"name":"us-central1-api"},"message":"[runtime-status] [18174] Resolved module firebase-admin {\"declared\":true,\"installed\":true,\"version\":\"9.9.0\",\"resolution\":\"/home/ivar/amazon-clone/functions/node_modules/firebase-admin/lib/index.js\"}"}}
[debug] [2021-06-24T10:41:26.371Z] [runtime-status] [18174] Resolved module firebase-functions {"declared":true,"installed":true,"version":"3.14.1","resolution":"/home/ivar/amazon-clone/functions/node_modules/firebase-functions/lib/index.js"} {"metadata":{"emulator":{"name":"functions"},"function":{"name":"us-central1-api"},"message":"[runtime-status] [18174] Resolved module firebase-functions {\"declared\":true,\"installed\":true,\"version\":\"3.14.1\",\"resolution\":\"/home/ivar/amazon-clone/functions/node_modules/firebase-functions/lib/index.js\"}"}}
[debug] [2021-06-24T10:41:26.371Z] [runtime-status] [18174] firebase-admin has been stubbed. {"adminResolution":{"declared":true,"installed":true,"version":"9.9.0","resolution":"/home/ivar/amazon-clone/functions/node_modules/firebase-admin/lib/index.js"}} {"metadata":{"emulator":{"name":"functions"},"function":{"name":"us-central1-api"},"message":"[runtime-status] [18174] firebase-admin has been stubbed. {\"adminResolution\":{\"declared\":true,\"installed\":true,\"version\":\"9.9.0\",\"resolution\":\"/home/ivar/amazon-clone/functions/node_modules/firebase-admin/lib/index.js\"}}"}}
[debug] [2021-06-24T10:41:26.439Z] [runtime-status] [18174] Trigger "us-central1-api" has been found, beginning invocation! {"metadata":{"emulator":{"name":"functions"},"function":{"name":"us-central1-api"},"message":"[runtime-status] [18174] Trigger \"us-central1-api\" has been found, beginning invocation!"}}
[info] i  functions: Beginning execution of "us-central1-api" {"metadata":{"emulator":{"name":"functions"},"function":{"name":"us-central1-api"},"message":"Beginning execution of \"us-central1-api\""}}
[debug] [2021-06-24T10:41:26.440Z] [runtime-status] [18174] triggerDefinition {"httpsTrigger":{},"name":"api","entryPoint":"api","regions":["us-central1"],"region":"us-central1","id":"us-central1-api"} {"metadata":{"emulator":{"name":"functions"},"function":{"name":"us-central1-api"},"message":"[runtime-status] [18174] triggerDefinition {\"httpsTrigger\":{},\"name\":\"api\",\"entryPoint\":\"api\",\"regions\":[\"us-central1\"],\"region\":\"us-central1\",\"id\":\"us-central1-api\"}"}}
[debug] [2021-06-24T10:41:26.441Z] [runtime-status] [18174] Running us-central1-api in mode HTTPS {"metadata":{"emulator":{"name":"functions"},"function":{"name":"us-central1-api"},"message":"[runtime-status] [18174] Running us-central1-api in mode HTTPS"}}
[debug] [2021-06-24T10:41:26.443Z] [runtime-status] [18174] Attempting to listen to socketPath: /tmp/fire_emu_18174.sock {"metadata":{"emulator":{"name":"functions"},"function":{"name":"us-central1-api"},"message":"[runtime-status] [18174] Attempting to listen to socketPath: /tmp/fire_emu_18174.sock"}}
[debug] [2021-06-24T10:41:26.445Z] [functions] Runtime ready! Sending request! {"metadata":{"emulator":{"name":"functions"},"message":"[functions] Runtime ready! Sending request!"}}
[debug] [2021-06-24T10:41:26.445Z] [functions] Got req.url=/clone-ddbf5/us-central1/api/payments/create?total=59899, mapping to path=/payments/create?total=59899 {"metadata":{"emulator":{"name":"functions"},"message":"[functions] Got req.url=/clone-ddbf5/us-central1/api/payments/create?total=59899, mapping to path=/payments/create?total=59899"}}
[debug] [2021-06-24T10:41:26.453Z] [runtime-status] [18174] Ephemeral server handling POST request {"metadata":{"emulator":{"name":"functions"},"function":{"name":"us-central1-api"},"message":"[runtime-status] [18174] Ephemeral server handling POST request"}}
[info] >  Payment Request Recieved BOOM!!! for this amount >>>  59899 {"user":"Payment Request Recieved BOOM!!! for this amount >>>  59899","metadata":{"emulator":{"name":"functions"},"function":{"name":"us-central1-api"},"message":"\u001b[90m> \u001b[39m Payment Request Recieved BOOM!!! for this amount >>>  59899"}}
[debug] [2021-06-24T10:41:26.465Z] [runtime-status] [18174] Ephemeral server survived. {"metadata":{"emulator":{"name":"functions"},"function":{"name":"us-central1-api"},"message":"[runtime-status] [18174] Ephemeral server survived."}}
[info] i  functions: Finished "us-central1-api" in ~1s {"metadata":{"emulator":{"name":"functions"},"function":{"name":"us-central1-api"},"message":"Finished \"us-central1-api\" in ~1s"}}
[debug] [2021-06-24T10:41:27.525Z] [worker-us-central1-api-bdd561ef-3aaa-42b3-be0b-8e5578d75b2e]: IDLE {"metadata":{"emulator":{"name":"functions"},"message":"[worker-us-central1-api-bdd561ef-3aaa-42b3-be0b-8e5578d75b2e]: IDLE"}}
[debug] [2021-06-24T10:41:27.525Z] [work-queue] {"queueLength":0,"workRunningCount":0}
[debug] [2021-06-24T10:41:59.207Z] [work-queue] {"queueLength":1,"workRunningCount":0}
[debug] [2021-06-24T10:41:59.208Z] [work-queue] {"queueLength":0,"workRunningCount":1}
[debug] [2021-06-24T10:41:59.208Z] Accepted request POST /clone-ddbf5/us-central1/api/payments/create?total=0 --> us-central1-api
[debug] [2021-06-24T10:41:59.208Z] [worker-pool] submitWork(triggerId=us-central1-api) {"metadata":{"emulator":{"name":"functions"},"message":"[worker-pool] submitWork(triggerId=us-central1-api)"}}
[debug] [2021-06-24T10:41:59.208Z] [worker-us-central1-api-bdd561ef-3aaa-42b3-be0b-8e5578d75b2e]: Assigning socketPath: /tmp/fire_emu_18174.sock {"metadata":{"emulator":{"name":"functions"},"message":"[worker-us-central1-api-bdd561ef-3aaa-42b3-be0b-8e5578d75b2e]: Assigning socketPath: /tmp/fire_emu_18174.sock"}}
[debug] [2021-06-24T10:41:59.209Z] [worker-us-central1-api-bdd561ef-3aaa-42b3-be0b-8e5578d75b2e]: BUSY {"metadata":{"emulator":{"name":"functions"},"message":"[worker-us-central1-api-bdd561ef-3aaa-42b3-be0b-8e5578d75b2e]: BUSY"}}
[debug] [2021-06-24T10:41:59.210Z] [runtime-status] [18174] Trigger "us-central1-api" has been found, beginning invocation! {"metadata":{"emulator":{"name":"functions"},"function":{"name":"us-central1-api"},"message":"[runtime-status] [18174] Trigger \"us-central1-api\" has been found, beginning invocation!"}}
[info] i  functions: Beginning execution of "us-central1-api" {"metadata":{"emulator":{"name":"functions"},"function":{"name":"us-central1-api"},"message":"Beginning execution of \"us-central1-api\""}}
[debug] [2021-06-24T10:41:59.212Z] [runtime-status] [18174] triggerDefinition {"httpsTrigger":{},"name":"api","entryPoint":"api","regions":["us-central1"],"region":"us-central1","id":"us-central1-api"} {"metadata":{"emulator":{"name":"functions"},"function":{"name":"us-central1-api"},"message":"[runtime-status] [18174] triggerDefinition {\"httpsTrigger\":{},\"name\":\"api\",\"entryPoint\":\"api\",\"regions\":[\"us-central1\"],\"region\":\"us-central1\",\"id\":\"us-central1-api\"}"}}
[debug] [2021-06-24T10:41:59.212Z] [runtime-status] [18174] Running us-central1-api in mode HTTPS {"metadata":{"emulator":{"name":"functions"},"function":{"name":"us-central1-api"},"message":"[runtime-status] [18174] Running us-central1-api in mode HTTPS"}}
[debug] [2021-06-24T10:41:59.213Z] [runtime-status] [18174] Attempting to listen to socketPath: /tmp/fire_emu_18174.sock {"metadata":{"emulator":{"name":"functions"},"function":{"name":"us-central1-api"},"message":"[runtime-status] [18174] Attempting to listen to socketPath: /tmp/fire_emu_18174.sock"}}
[debug] [2021-06-24T10:41:59.215Z] [functions] Runtime ready! Sending request! {"metadata":{"emulator":{"name":"functions"},"message":"[functions] Runtime ready! Sending request!"}}
[debug] [2021-06-24T10:41:59.215Z] [functions] Got req.url=/clone-ddbf5/us-central1/api/payments/create?total=0, mapping to path=/payments/create?total=0 {"metadata":{"emulator":{"name":"functions"},"message":"[functions] Got req.url=/clone-ddbf5/us-central1/api/payments/create?total=0, mapping to path=/payments/create?total=0"}}
[debug] [2021-06-24T10:41:59.219Z] [runtime-status] [18174] Ephemeral server handling POST request {"metadata":{"emulator":{"name":"functions"},"function":{"name":"us-central1-api"},"message":"[runtime-status] [18174] Ephemeral server handling POST request"}}
[info] >  Payment Request Recieved BOOM!!! for this amount >>>  0 {"user":"Payment Request Recieved BOOM!!! for this amount >>>  0","metadata":{"emulator":{"name":"functions"},"function":{"name":"us-central1-api"},"message":"\u001b[90m> \u001b[39m Payment Request Recieved BOOM!!! for this amount >>>  0"}}
[debug] [2021-06-24T10:41:59.222Z] [runtime-status] [18174] Ephemeral server survived. {"metadata":{"emulator":{"name":"functions"},"function":{"name":"us-central1-api"},"message":"[runtime-status] [18174] Ephemeral server survived."}}
[info] >  (node:18174) UnhandledPromiseRejectionWarning: Error: This value must be greater than or equal to 1. {"user":"(node:18174) UnhandledPromiseRejectionWarning: Error: This value must be greater than or equal to 1.","metadata":{"emulator":{"name":"functions"},"function":{"name":"us-central1-api"},"message":"\u001b[90m> \u001b[39m (node:18174) UnhandledPromiseRejectionWarning: Error: This value must be greater than or equal to 1."}}
[info] >      at Function.generate (/home/ivar/amazon-clone/functions/node_modules/stripe/lib/Error.js:40:16) {"user":"    at Function.generate (/home/ivar/amazon-clone/functions/node_modules/stripe/lib/Error.js:40:16)","metadata":{"emulator":{"name":"functions"},"function":{"name":"us-central1-api"},"message":"\u001b[90m> \u001b[39m     at Function.generate (/home/ivar/amazon-clone/functions/node_modules/stripe/lib/Error.js:40:16)"}}
[info] >      at IncomingMessage.<anonymous> (/home/ivar/amazon-clone/functions/node_modules/stripe/lib/StripeResource.js:180:33) {"user":"    at IncomingMessage.<anonymous> (/home/ivar/amazon-clone/functions/node_modules/stripe/lib/StripeResource.js:180:33)","metadata":{"emulator":{"name":"functions"},"function":{"name":"us-central1-api"},"message":"\u001b[90m> \u001b[39m     at IncomingMessage.<anonymous> (/home/ivar/amazon-clone/functions/node_modules/stripe/lib/StripeResource.js:180:33)"}}
[info] >      at Object.onceWrapper (events.js:421:28) {"user":"    at Object.onceWrapper (events.js:421:28)","metadata":{"emulator":{"name":"functions"},"function":{"name":"us-central1-api"},"message":"\u001b[90m> \u001b[39m     at Object.onceWrapper (events.js:421:28)"}}
[info] >      at IncomingMessage.emit (events.js:327:22) {"user":"    at IncomingMessage.emit (events.js:327:22)","metadata":{"emulator":{"name":"functions"},"function":{"name":"us-central1-api"},"message":"\u001b[90m> \u001b[39m     at IncomingMessage.emit (events.js:327:22)"}}
[info] >      at endReadableNT (internal/streams/readable.js:1327:12) {"user":"    at endReadableNT (internal/streams/readable.js:1327:12)","metadata":{"emulator":{"name":"functions"},"function":{"name":"us-central1-api"},"message":"\u001b[90m> \u001b[39m     at endReadableNT (internal/streams/readable.js:1327:12)"}}
[info] >      at processTicksAndRejections (internal/process/task_queues.js:80:21) {"user":"    at processTicksAndRejections (internal/process/task_queues.js:80:21)","metadata":{"emulator":{"name":"functions"},"function":{"name":"us-central1-api"},"message":"\u001b[90m> \u001b[39m     at processTicksAndRejections (internal/process/task_queues.js:80:21)"}}
[info] >  (Use `node --trace-warnings ...` to show where the warning was created) {"user":"(Use `node --trace-warnings ...` to show where the warning was created)","metadata":{"emulator":{"name":"functions"},"function":{"name":"us-central1-api"},"message":"\u001b[90m> \u001b[39m (Use `node --trace-warnings ...` to show where the warning was created)"}}
[info] >  (node:18174) UnhandledPromiseRejectionWarning: Unhandled promise rejection. This error originated either by throwing inside of an async function without a catch block, or by rejecting a promise which was not handled with .catch(). To terminate the node process on unhandled promise rejection, use the CLI flag `--unhandled-rejections=strict` (see https://nodejs.org/api/cli.html#cli_unhandled_rejections_mode). (rejection id: 1) {"user":"(node:18174) UnhandledPromiseRejectionWarning: Unhandled promise rejection. This error originated either by throwing inside of an async function without a catch block, or by rejecting a promise which was not handled with .catch(). To terminate the node process on unhandled promise rejection, use the CLI flag `--unhandled-rejections=strict` (see https://nodejs.org/api/cli.html#cli_unhandled_rejections_mode). (rejection id: 1)","metadata":{"emulator":{"name":"functions"},"function":{"name":"us-central1-api"},"message":"\u001b[90m> \u001b[39m (node:18174) UnhandledPromiseRejectionWarning: Unhandled promise rejection. This error originated either by throwing inside of an async function without a catch block, or by rejecting a promise which was not handled with .catch(). To terminate the node process on unhandled promise rejection, use the CLI flag `--unhandled-rejections=strict` (see https://nodejs.org/api/cli.html#cli_unhandled_rejections_mode). (rejection id: 1)"}}
[info] >  (node:18174) [DEP0018] DeprecationWarning: Unhandled promise rejections are deprecated. In the future, promise rejections that are not handled will terminate the Node.js process with a non-zero exit code. {"user":"(node:18174) [DEP0018] DeprecationWarning: Unhandled promise rejections are deprecated. In the future, promise rejections that are not handled will terminate the Node.js process with a non-zero exit code.","metadata":{"emulator":{"name":"functions"},"function":{"name":"us-central1-api"},"message":"\u001b[90m> \u001b[39m (node:18174) [DEP0018] DeprecationWarning: Unhandled promise rejections are deprecated. In the future, promise rejections that are not handled will terminate the Node.js process with a non-zero exit code."}}
[warn] ⚠  functions: Your function timed out after ~60s. To configure this timeout, see
      https://firebase.google.com/docs/functions/manage-functions#set_timeout_and_memory_allocation. {"metadata":{"emulator":{"name":"functions"},"function":{"name":"us-central1-api"},"message":"Your function timed out after ~60s. To configure this timeout, see\n      https://firebase.google.com/docs/functions/manage-functions#set_timeout_and_memory_allocation."}}
[info] >  /home/ivar/.volta/tools/image/packages/firebase-tools/lib/node_modules/firebase-tools/lib/emulator/functionsEmulatorRuntime.js:648 {"user":"/home/ivar/.volta/tools/image/packages/firebase-tools/lib/node_modules/firebase-tools/lib/emulator/functionsEmulatorRuntime.js:648","metadata":{"emulator":{"name":"functions"},"function":{"name":"us-central1-api"},"message":"\u001b[90m> \u001b[39m /home/ivar/.volta/tools/image/packages/firebase-tools/lib/node_modules/firebase-tools/lib/emulator/functionsEmulatorRuntime.js:648"}}
[info] >              throw new Error("Function timed out."); {"user":"            throw new Error(\"Function timed out.\");","metadata":{"emulator":{"name":"functions"},"function":{"name":"us-central1-api"},"message":"\u001b[90m> \u001b[39m             throw new Error(\"Function timed out.\");"}}
[info] >              ^ {"user":"            ^","metadata":{"emulator":{"name":"functions"},"function":{"name":"us-central1-api"},"message":"\u001b[90m> \u001b[39m             ^"}}
[info] >   {"user":"","metadata":{"emulator":{"name":"functions"},"function":{"name":"us-central1-api"},"message":"\u001b[90m> \u001b[39m "}}
[info] >  Error: Function timed out. {"user":"Error: Function timed out.","metadata":{"emulator":{"name":"functions"},"function":{"name":"us-central1-api"},"message":"\u001b[90m> \u001b[39m Error: Function timed out."}}
[info] >      at Timeout._onTimeout (/home/ivar/.volta/tools/image/packages/firebase-tools/lib/node_modules/firebase-tools/lib/emulator/functionsEmulatorRuntime.js:648:19) {"user":"    at Timeout._onTimeout (/home/ivar/.volta/tools/image/packages/firebase-tools/lib/node_modules/firebase-tools/lib/emulator/functionsEmulatorRuntime.js:648:19)","metadata":{"emulator":{"name":"functions"},"function":{"name":"us-central1-api"},"message":"\u001b[90m> \u001b[39m     at Timeout._onTimeout (/home/ivar/.volta/tools/image/packages/firebase-tools/lib/node_modules/firebase-tools/lib/emulator/functionsEmulatorRuntime.js:648:19)"}}
[info] >      at listOnTimeout (internal/timers.js:554:17) {"user":"    at listOnTimeout (internal/timers.js:554:17)","metadata":{"emulator":{"name":"functions"},"function":{"name":"us-central1-api"},"message":"\u001b[90m> \u001b[39m     at listOnTimeout (internal/timers.js:554:17)"}}
[info] >      at processTimers (internal/timers.js:497:7) {"user":"    at processTimers (internal/timers.js:497:7)","metadata":{"emulator":{"name":"functions"},"function":{"name":"us-central1-api"},"message":"\u001b[90m> \u001b[39m     at processTimers (internal/timers.js:497:7)"}}
[debug] [2021-06-24T10:42:59.224Z] [worker-us-central1-api-bdd561ef-3aaa-42b3-be0b-8e5578d75b2e]: exited {"metadata":{"emulator":{"name":"functions"},"message":"[worker-us-central1-api-bdd561ef-3aaa-42b3-be0b-8e5578d75b2e]: exited"}}
[debug] [2021-06-24T10:42:59.224Z] [worker-us-central1-api-bdd561ef-3aaa-42b3-be0b-8e5578d75b2e]: FINISHED {"metadata":{"emulator":{"name":"functions"},"message":"[worker-us-central1-api-bdd561ef-3aaa-42b3-be0b-8e5578d75b2e]: FINISHED"}}
[debug] [2021-06-24T10:42:59.224Z] [work-queue] {"queueLength":0,"workRunningCount":0}
[debug] [2021-06-24T11:19:55.805Z] [work-queue] {"queueLength":1,"workRunningCount":0}
[debug] [2021-06-24T11:19:55.805Z] [work-queue] {"queueLength":0,"workRunningCount":1}
[debug] [2021-06-24T11:19:55.805Z] Accepted request POST /clone-ddbf5/us-central1/api/payments/create?total=9899 --> us-central1-api
[debug] [2021-06-24T11:19:55.806Z] [worker-pool] Cleaned up workers for us-central1-api: 1 --> 0 {"metadata":{"emulator":{"name":"functions"},"message":"[worker-pool] Cleaned up workers for us-central1-api: 1 --> 0"}}
[debug] [2021-06-24T11:19:55.816Z] [worker-pool] addWorker(us-central1-api) {"metadata":{"emulator":{"name":"functions"},"message":"[worker-pool] addWorker(us-central1-api)"}}
[debug] [2021-06-24T11:19:55.816Z] [worker-pool] Adding worker with key us-central1-api, total=1 {"metadata":{"emulator":{"name":"functions"},"message":"[worker-pool] Adding worker with key us-central1-api, total=1"}}
[debug] [2021-06-24T11:19:55.816Z] [worker-pool] submitWork(triggerId=us-central1-api) {"metadata":{"emulator":{"name":"functions"},"message":"[worker-pool] submitWork(triggerId=us-central1-api)"}}
[debug] [2021-06-24T11:19:55.816Z] [worker-us-central1-api-f65da43c-9e7b-41d3-9d6f-c1c697be47e2]: Assigning socketPath: /tmp/fire_emu_21662.sock {"metadata":{"emulator":{"name":"functions"},"message":"[worker-us-central1-api-f65da43c-9e7b-41d3-9d6f-c1c697be47e2]: Assigning socketPath: /tmp/fire_emu_21662.sock"}}
[debug] [2021-06-24T11:19:55.817Z] [worker-us-central1-api-f65da43c-9e7b-41d3-9d6f-c1c697be47e2]: BUSY {"metadata":{"emulator":{"name":"functions"},"message":"[worker-us-central1-api-f65da43c-9e7b-41d3-9d6f-c1c697be47e2]: BUSY"}}
[debug] [2021-06-24T11:19:57.189Z] [runtime-status] [21662] Functions runtime initialized. {"cwd":"/home/ivar/amazon-clone/functions","node_version":"14.15.5"} {"metadata":{"emulator":{"name":"functions"},"function":{"name":"us-central1-api"},"message":"[runtime-status] [21662] Functions runtime initialized. {\"cwd\":\"/home/ivar/amazon-clone/functions\",\"node_version\":\"14.15.5\"}"}}
[debug] [2021-06-24T11:19:57.194Z] [runtime-status] [21662] Disabled runtime features: undefined {"metadata":{"emulator":{"name":"functions"},"function":{"name":"us-central1-api"},"message":"[runtime-status] [21662] Disabled runtime features: undefined"}}
[debug] [2021-06-24T11:19:57.196Z] [runtime-status] [21662] Resolved module firebase-admin {"declared":true,"installed":true,"version":"9.9.0","resolution":"/home/ivar/amazon-clone/functions/node_modules/firebase-admin/lib/index.js"} {"metadata":{"emulator":{"name":"functions"},"function":{"name":"us-central1-api"},"message":"[runtime-status] [21662] Resolved module firebase-admin {\"declared\":true,\"installed\":true,\"version\":\"9.9.0\",\"resolution\":\"/home/ivar/amazon-clone/functions/node_modules/firebase-admin/lib/index.js\"}"}}
[debug] [2021-06-24T11:19:57.198Z] [runtime-status] [21662] Resolved module firebase-functions {"declared":true,"installed":true,"version":"3.14.1","resolution":"/home/ivar/amazon-clone/functions/node_modules/firebase-functions/lib/index.js"} {"metadata":{"emulator":{"name":"functions"},"function":{"name":"us-central1-api"},"message":"[runtime-status] [21662] Resolved module firebase-functions {\"declared\":true,\"installed\":true,\"version\":\"3.14.1\",\"resolution\":\"/home/ivar/amazon-clone/functions/node_modules/firebase-functions/lib/index.js\"}"}}
[debug] [2021-06-24T11:19:57.199Z] [runtime-status] [21662] Resolved module firebase-functions {"declared":true,"installed":true,"version":"3.14.1","resolution":"/home/ivar/amazon-clone/functions/node_modules/firebase-functions/lib/index.js"} {"metadata":{"emulator":{"name":"functions"},"function":{"name":"us-central1-api"},"message":"[runtime-status] [21662] Resolved module firebase-functions {\"declared\":true,\"installed\":true,\"version\":\"3.14.1\",\"resolution\":\"/home/ivar/amazon-clone/functions/node_modules/firebase-functions/lib/index.js\"}"}}
[debug] [2021-06-24T11:19:57.201Z] [runtime-status] [21662] Outgoing network have been stubbed. [{"name":"http","status":"mocked"},{"name":"http","status":"mocked"},{"name":"https","status":"mocked"},{"name":"https","status":"mocked"},{"name":"net","status":"mocked"}] {"metadata":{"emulator":{"name":"functions"},"function":{"name":"us-central1-api"},"message":"[runtime-status] [21662] Outgoing network have been stubbed. [{\"name\":\"http\",\"status\":\"mocked\"},{\"name\":\"http\",\"status\":\"mocked\"},{\"name\":\"https\",\"status\":\"mocked\"},{\"name\":\"https\",\"status\":\"mocked\"},{\"name\":\"net\",\"status\":\"mocked\"}]"}}
[debug] [2021-06-24T11:19:57.203Z] [runtime-status] [21662] Resolved module firebase-functions {"declared":true,"installed":true,"version":"3.14.1","resolution":"/home/ivar/amazon-clone/functions/node_modules/firebase-functions/lib/index.js"} {"metadata":{"emulator":{"name":"functions"},"function":{"name":"us-central1-api"},"message":"[runtime-status] [21662] Resolved module firebase-functions {\"declared\":true,\"installed\":true,\"version\":\"3.14.1\",\"resolution\":\"/home/ivar/amazon-clone/functions/node_modules/firebase-functions/lib/index.js\"}"}}
[debug] [2021-06-24T11:19:57.634Z] [runtime-status] [21662] Checked functions.config() {"config":{}} {"metadata":{"emulator":{"name":"functions"},"function":{"name":"us-central1-api"},"message":"[runtime-status] [21662] Checked functions.config() {\"config\":{}}"}}
[debug] [2021-06-24T11:19:57.635Z] [runtime-status] [21662] firebase-functions has been stubbed. {"functionsResolution":{"declared":true,"installed":true,"version":"3.14.1","resolution":"/home/ivar/amazon-clone/functions/node_modules/firebase-functions/lib/index.js"}} {"metadata":{"emulator":{"name":"functions"},"function":{"name":"us-central1-api"},"message":"[runtime-status] [21662] firebase-functions has been stubbed. {\"functionsResolution\":{\"declared\":true,\"installed\":true,\"version\":\"3.14.1\",\"resolution\":\"/home/ivar/amazon-clone/functions/node_modules/firebase-functions/lib/index.js\"}}"}}
[debug] [2021-06-24T11:19:57.637Z] [runtime-status] [21662] Resolved module firebase-functions {"declared":true,"installed":true,"version":"3.14.1","resolution":"/home/ivar/amazon-clone/functions/node_modules/firebase-functions/lib/index.js"} {"metadata":{"emulator":{"name":"functions"},"function":{"name":"us-central1-api"},"message":"[runtime-status] [21662] Resolved module firebase-functions {\"declared\":true,\"installed\":true,\"version\":\"3.14.1\",\"resolution\":\"/home/ivar/amazon-clone/functions/node_modules/firebase-functions/lib/index.js\"}"}}
[debug] [2021-06-24T11:19:57.640Z] [runtime-status] [21662] Resolved module firebase-admin {"declared":true,"installed":true,"version":"9.9.0","resolution":"/home/ivar/amazon-clone/functions/node_modules/firebase-admin/lib/index.js"} {"metadata":{"emulator":{"name":"functions"},"function":{"name":"us-central1-api"},"message":"[runtime-status] [21662] Resolved module firebase-admin {\"declared\":true,\"installed\":true,\"version\":\"9.9.0\",\"resolution\":\"/home/ivar/amazon-clone/functions/node_modules/firebase-admin/lib/index.js\"}"}}
[debug] [2021-06-24T11:19:57.641Z] [runtime-status] [21662] Resolved module firebase-functions {"declared":true,"installed":true,"version":"3.14.1","resolution":"/home/ivar/amazon-clone/functions/node_modules/firebase-functions/lib/index.js"} {"metadata":{"emulator":{"name":"functions"},"function":{"name":"us-central1-api"},"message":"[runtime-status] [21662] Resolved module firebase-functions {\"declared\":true,\"installed\":true,\"version\":\"3.14.1\",\"resolution\":\"/home/ivar/amazon-clone/functions/node_modules/firebase-functions/lib/index.js\"}"}}
[debug] [2021-06-24T11:19:57.645Z] [runtime-status] [21662] firebase-admin has been stubbed. {"adminResolution":{"declared":true,"installed":true,"version":"9.9.0","resolution":"/home/ivar/amazon-clone/functions/node_modules/firebase-admin/lib/index.js"}} {"metadata":{"emulator":{"name":"functions"},"function":{"name":"us-central1-api"},"message":"[runtime-status] [21662] firebase-admin has been stubbed. {\"adminResolution\":{\"declared\":true,\"installed\":true,\"version\":\"9.9.0\",\"resolution\":\"/home/ivar/amazon-clone/functions/node_modules/firebase-admin/lib/index.js\"}}"}}
[debug] [2021-06-24T11:19:58.742Z] [runtime-status] [21662] Trigger "us-central1-api" has been found, beginning invocation! {"metadata":{"emulator":{"name":"functions"},"function":{"name":"us-central1-api"},"message":"[runtime-status] [21662] Trigger \"us-central1-api\" has been found, beginning invocation!"}}
[info] i  functions: Beginning execution of "us-central1-api" {"metadata":{"emulator":{"name":"functions"},"function":{"name":"us-central1-api"},"message":"Beginning execution of \"us-central1-api\""}}
[debug] [2021-06-24T11:19:58.744Z] [runtime-status] [21662] triggerDefinition {"httpsTrigger":{},"name":"api","entryPoint":"api","regions":["us-central1"],"region":"us-central1","id":"us-central1-api"} {"metadata":{"emulator":{"name":"functions"},"function":{"name":"us-central1-api"},"message":"[runtime-status] [21662] triggerDefinition {\"httpsTrigger\":{},\"name\":\"api\",\"entryPoint\":\"api\",\"regions\":[\"us-central1\"],\"region\":\"us-central1\",\"id\":\"us-central1-api\"}"}}
[debug] [2021-06-24T11:19:58.744Z] [runtime-status] [21662] Running us-central1-api in mode HTTPS {"metadata":{"emulator":{"name":"functions"},"function":{"name":"us-central1-api"},"message":"[runtime-status] [21662] Running us-central1-api in mode HTTPS"}}
[debug] [2021-06-24T11:19:58.751Z] [runtime-status] [21662] Attempting to listen to socketPath: /tmp/fire_emu_21662.sock {"metadata":{"emulator":{"name":"functions"},"function":{"name":"us-central1-api"},"message":"[runtime-status] [21662] Attempting to listen to socketPath: /tmp/fire_emu_21662.sock"}}
[debug] [2021-06-24T11:19:58.773Z] [functions] Runtime ready! Sending request! {"metadata":{"emulator":{"name":"functions"},"message":"[functions] Runtime ready! Sending request!"}}
[debug] [2021-06-24T11:19:58.774Z] [functions] Got req.url=/clone-ddbf5/us-central1/api/payments/create?total=9899, mapping to path=/payments/create?total=9899 {"metadata":{"emulator":{"name":"functions"},"message":"[functions] Got req.url=/clone-ddbf5/us-central1/api/payments/create?total=9899, mapping to path=/payments/create?total=9899"}}
[debug] [2021-06-24T11:19:58.788Z] [runtime-status] [21662] Ephemeral server handling POST request {"metadata":{"emulator":{"name":"functions"},"function":{"name":"us-central1-api"},"message":"[runtime-status] [21662] Ephemeral server handling POST request"}}
[info] >  Payment Request Recieved BOOM!!! for this amount >>>  9899 {"user":"Payment Request Recieved BOOM!!! for this amount >>>  9899","metadata":{"emulator":{"name":"functions"},"function":{"name":"us-central1-api"},"message":"\u001b[90m> \u001b[39m Payment Request Recieved BOOM!!! for this amount >>>  9899"}}
[debug] [2021-06-24T11:19:58.805Z] [runtime-status] [21662] Ephemeral server survived. {"metadata":{"emulator":{"name":"functions"},"function":{"name":"us-central1-api"},"message":"[runtime-status] [21662] Ephemeral server survived."}}
[info] i  functions: Finished "us-central1-api" in ~1s {"metadata":{"emulator":{"name":"functions"},"function":{"name":"us-central1-api"},"message":"Finished \"us-central1-api\" in ~1s"}}
[debug] [2021-06-24T11:19:59.431Z] [worker-us-central1-api-f65da43c-9e7b-41d3-9d6f-c1c697be47e2]: IDLE {"metadata":{"emulator":{"name":"functions"},"message":"[worker-us-central1-api-f65da43c-9e7b-41d3-9d6f-c1c697be47e2]: IDLE"}}
[debug] [2021-06-24T11:19:59.432Z] [work-queue] {"queueLength":0,"workRunningCount":0}
[debug] [2021-06-24T11:20:18.635Z] [work-queue] {"queueLength":1,"workRunningCount":0}
[debug] [2021-06-24T11:20:18.636Z] [work-queue] {"queueLength":0,"workRunningCount":1}
[debug] [2021-06-24T11:20:18.636Z] Accepted request POST /clone-ddbf5/us-central1/api/payments/create?total=0 --> us-central1-api
[debug] [2021-06-24T11:20:18.636Z] [worker-pool] submitWork(triggerId=us-central1-api) {"metadata":{"emulator":{"name":"functions"},"message":"[worker-pool] submitWork(triggerId=us-central1-api)"}}
[debug] [2021-06-24T11:20:18.637Z] [worker-us-central1-api-f65da43c-9e7b-41d3-9d6f-c1c697be47e2]: Assigning socketPath: /tmp/fire_emu_21662.sock {"metadata":{"emulator":{"name":"functions"},"message":"[worker-us-central1-api-f65da43c-9e7b-41d3-9d6f-c1c697be47e2]: Assigning socketPath: /tmp/fire_emu_21662.sock"}}
[debug] [2021-06-24T11:20:18.637Z] [worker-us-central1-api-f65da43c-9e7b-41d3-9d6f-c1c697be47e2]: BUSY {"metadata":{"emulator":{"name":"functions"},"message":"[worker-us-central1-api-f65da43c-9e7b-41d3-9d6f-c1c697be47e2]: BUSY"}}
[debug] [2021-06-24T11:20:18.645Z] [runtime-status] [21662] Trigger "us-central1-api" has been found, beginning invocation! {"metadata":{"emulator":{"name":"functions"},"function":{"name":"us-central1-api"},"message":"[runtime-status] [21662] Trigger \"us-central1-api\" has been found, beginning invocation!"}}
[info] i  functions: Beginning execution of "us-central1-api" {"metadata":{"emulator":{"name":"functions"},"function":{"name":"us-central1-api"},"message":"Beginning execution of \"us-central1-api\""}}
[debug] [2021-06-24T11:20:18.647Z] [runtime-status] [21662] triggerDefinition {"httpsTrigger":{},"name":"api","entryPoint":"api","regions":["us-central1"],"region":"us-central1","id":"us-central1-api"} {"metadata":{"emulator":{"name":"functions"},"function":{"name":"us-central1-api"},"message":"[runtime-status] [21662] triggerDefinition {\"httpsTrigger\":{},\"name\":\"api\",\"entryPoint\":\"api\",\"regions\":[\"us-central1\"],\"region\":\"us-central1\",\"id\":\"us-central1-api\"}"}}
[debug] [2021-06-24T11:20:18.648Z] [runtime-status] [21662] Running us-central1-api in mode HTTPS {"metadata":{"emulator":{"name":"functions"},"function":{"name":"us-central1-api"},"message":"[runtime-status] [21662] Running us-central1-api in mode HTTPS"}}
[debug] [2021-06-24T11:20:18.649Z] [runtime-status] [21662] Attempting to listen to socketPath: /tmp/fire_emu_21662.sock {"metadata":{"emulator":{"name":"functions"},"function":{"name":"us-central1-api"},"message":"[runtime-status] [21662] Attempting to listen to socketPath: /tmp/fire_emu_21662.sock"}}
[debug] [2021-06-24T11:20:18.651Z] [functions] Runtime ready! Sending request! {"metadata":{"emulator":{"name":"functions"},"message":"[functions] Runtime ready! Sending request!"}}
[debug] [2021-06-24T11:20:18.651Z] [functions] Got req.url=/clone-ddbf5/us-central1/api/payments/create?total=0, mapping to path=/payments/create?total=0 {"metadata":{"emulator":{"name":"functions"},"message":"[functions] Got req.url=/clone-ddbf5/us-central1/api/payments/create?total=0, mapping to path=/payments/create?total=0"}}
[debug] [2021-06-24T11:20:18.659Z] [runtime-status] [21662] Ephemeral server handling POST request {"metadata":{"emulator":{"name":"functions"},"function":{"name":"us-central1-api"},"message":"[runtime-status] [21662] Ephemeral server handling POST request"}}
[info] >  Payment Request Recieved BOOM!!! for this amount >>>  0 {"user":"Payment Request Recieved BOOM!!! for this amount >>>  0","metadata":{"emulator":{"name":"functions"},"function":{"name":"us-central1-api"},"message":"\u001b[90m> \u001b[39m Payment Request Recieved BOOM!!! for this amount >>>  0"}}
[debug] [2021-06-24T11:20:18.665Z] [runtime-status] [21662] Ephemeral server survived. {"metadata":{"emulator":{"name":"functions"},"function":{"name":"us-central1-api"},"message":"[runtime-status] [21662] Ephemeral server survived."}}
[info] >  (node:21662) UnhandledPromiseRejectionWarning: Error: This value must be greater than or equal to 1. {"user":"(node:21662) UnhandledPromiseRejectionWarning: Error: This value must be greater than or equal to 1.","metadata":{"emulator":{"name":"functions"},"function":{"name":"us-central1-api"},"message":"\u001b[90m> \u001b[39m (node:21662) UnhandledPromiseRejectionWarning: Error: This value must be greater than or equal to 1."}}
[info] >      at Function.generate (/home/ivar/amazon-clone/functions/node_modules/stripe/lib/Error.js:40:16) {"user":"    at Function.generate (/home/ivar/amazon-clone/functions/node_modules/stripe/lib/Error.js:40:16)","metadata":{"emulator":{"name":"functions"},"function":{"name":"us-central1-api"},"message":"\u001b[90m> \u001b[39m     at Function.generate (/home/ivar/amazon-clone/functions/node_modules/stripe/lib/Error.js:40:16)"}}
[info] >      at IncomingMessage.<anonymous> (/home/ivar/amazon-clone/functions/node_modules/stripe/lib/StripeResource.js:180:33) {"user":"    at IncomingMessage.<anonymous> (/home/ivar/amazon-clone/functions/node_modules/stripe/lib/StripeResource.js:180:33)","metadata":{"emulator":{"name":"functions"},"function":{"name":"us-central1-api"},"message":"\u001b[90m> \u001b[39m     at IncomingMessage.<anonymous> (/home/ivar/amazon-clone/functions/node_modules/stripe/lib/StripeResource.js:180:33)"}}
[info] >      at Object.onceWrapper (events.js:421:28) {"user":"    at Object.onceWrapper (events.js:421:28)","metadata":{"emulator":{"name":"functions"},"function":{"name":"us-central1-api"},"message":"\u001b[90m> \u001b[39m     at Object.onceWrapper (events.js:421:28)"}}
[info] >      at IncomingMessage.emit (events.js:327:22) {"user":"    at IncomingMessage.emit (events.js:327:22)","metadata":{"emulator":{"name":"functions"},"function":{"name":"us-central1-api"},"message":"\u001b[90m> \u001b[39m     at IncomingMessage.emit (events.js:327:22)"}}
[info] >      at endReadableNT (internal/streams/readable.js:1327:12) {"user":"    at endReadableNT (internal/streams/readable.js:1327:12)","metadata":{"emulator":{"name":"functions"},"function":{"name":"us-central1-api"},"message":"\u001b[90m> \u001b[39m     at endReadableNT (internal/streams/readable.js:1327:12)"}}
[info] >      at processTicksAndRejections (internal/process/task_queues.js:80:21) {"user":"    at processTicksAndRejections (internal/process/task_queues.js:80:21)","metadata":{"emulator":{"name":"functions"},"function":{"name":"us-central1-api"},"message":"\u001b[90m> \u001b[39m     at processTicksAndRejections (internal/process/task_queues.js:80:21)"}}
[info] >  (Use `node --trace-warnings ...` to show where the warning was created) {"user":"(Use `node --trace-warnings ...` to show where the warning was created)","metadata":{"emulator":{"name":"functions"},"function":{"name":"us-central1-api"},"message":"\u001b[90m> \u001b[39m (Use `node --trace-warnings ...` to show where the warning was created)"}}
[info] >  (node:21662) UnhandledPromiseRejectionWarning: Unhandled promise rejection. This error originated either by throwing inside of an async function without a catch block, or by rejecting a promise which was not handled with .catch(). To terminate the node process on unhandled promise rejection, use the CLI flag `--unhandled-rejections=strict` (see https://nodejs.org/api/cli.html#cli_unhandled_rejections_mode). (rejection id: 1) {"user":"(node:21662) UnhandledPromiseRejectionWarning: Unhandled promise rejection. This error originated either by throwing inside of an async function without a catch block, or by rejecting a promise which was not handled with .catch(). To terminate the node process on unhandled promise rejection, use the CLI flag `--unhandled-rejections=strict` (see https://nodejs.org/api/cli.html#cli_unhandled_rejections_mode). (rejection id: 1)","metadata":{"emulator":{"name":"functions"},"function":{"name":"us-central1-api"},"message":"\u001b[90m> \u001b[39m (node:21662) UnhandledPromiseRejectionWarning: Unhandled promise rejection. This error originated either by throwing inside of an async function without a catch block, or by rejecting a promise which was not handled with .catch(). To terminate the node process on unhandled promise rejection, use the CLI flag `--unhandled-rejections=strict` (see https://nodejs.org/api/cli.html#cli_unhandled_rejections_mode). (rejection id: 1)"}}
[info] >  (node:21662) [DEP0018] DeprecationWarning: Unhandled promise rejections are deprecated. In the future, promise rejections that are not handled will terminate the Node.js process with a non-zero exit code. {"user":"(node:21662) [DEP0018] DeprecationWarning: Unhandled promise rejections are deprecated. In the future, promise rejections that are not handled will terminate the Node.js process with a non-zero exit code.","metadata":{"emulator":{"name":"functions"},"function":{"name":"us-central1-api"},"message":"\u001b[90m> \u001b[39m (node:21662) [DEP0018] DeprecationWarning: Unhandled promise rejections are deprecated. In the future, promise rejections that are not handled will terminate the Node.js process with a non-zero exit code."}}
[warn] ⚠  functions: Your function timed out after ~60s. To configure this timeout, see
      https://firebase.google.com/docs/functions/manage-functions#set_timeout_and_memory_allocation. {"metadata":{"emulator":{"name":"functions"},"function":{"name":"us-central1-api"},"message":"Your function timed out after ~60s. To configure this timeout, see\n      https://firebase.google.com/docs/functions/manage-functions#set_timeout_and_memory_allocation."}}
[info] >  /home/ivar/.volta/tools/image/packages/firebase-tools/lib/node_modules/firebase-tools/lib/emulator/functionsEmulatorRuntime.js:648 {"user":"/home/ivar/.volta/tools/image/packages/firebase-tools/lib/node_modules/firebase-tools/lib/emulator/functionsEmulatorRuntime.js:648","metadata":{"emulator":{"name":"functions"},"function":{"name":"us-central1-api"},"message":"\u001b[90m> \u001b[39m /home/ivar/.volta/tools/image/packages/firebase-tools/lib/node_modules/firebase-tools/lib/emulator/functionsEmulatorRuntime.js:648"}}
[info] >              throw new Error("Function timed out."); {"user":"            throw new Error(\"Function timed out.\");","metadata":{"emulator":{"name":"functions"},"function":{"name":"us-central1-api"},"message":"\u001b[90m> \u001b[39m             throw new Error(\"Function timed out.\");"}}
[info] >              ^ {"user":"            ^","metadata":{"emulator":{"name":"functions"},"function":{"name":"us-central1-api"},"message":"\u001b[90m> \u001b[39m             ^"}}
[info] >   {"user":"","metadata":{"emulator":{"name":"functions"},"function":{"name":"us-central1-api"},"message":"\u001b[90m> \u001b[39m "}}
[info] >  Error: Function timed out. {"user":"Error: Function timed out.","metadata":{"emulator":{"name":"functions"},"function":{"name":"us-central1-api"},"message":"\u001b[90m> \u001b[39m Error: Function timed out."}}
[info] >      at Timeout._onTimeout (/home/ivar/.volta/tools/image/packages/firebase-tools/lib/node_modules/firebase-tools/lib/emulator/functionsEmulatorRuntime.js:648:19) {"user":"    at Timeout._onTimeout (/home/ivar/.volta/tools/image/packages/firebase-tools/lib/node_modules/firebase-tools/lib/emulator/functionsEmulatorRuntime.js:648:19)","metadata":{"emulator":{"name":"functions"},"function":{"name":"us-central1-api"},"message":"\u001b[90m> \u001b[39m     at Timeout._onTimeout (/home/ivar/.volta/tools/image/packages/firebase-tools/lib/node_modules/firebase-tools/lib/emulator/functionsEmulatorRuntime.js:648:19)"}}
[info] >      at listOnTimeout (internal/timers.js:554:17) {"user":"    at listOnTimeout (internal/timers.js:554:17)","metadata":{"emulator":{"name":"functions"},"function":{"name":"us-central1-api"},"message":"\u001b[90m> \u001b[39m     at listOnTimeout (internal/timers.js:554:17)"}}
[info] >      at processTimers (internal/timers.js:497:7) {"user":"    at processTimers (internal/timers.js:497:7)","metadata":{"emulator":{"name":"functions"},"function":{"name":"us-central1-api"},"message":"\u001b[90m> \u001b[39m     at processTimers (internal/timers.js:497:7)"}}
[debug] [2021-06-24T11:21:18.654Z] [worker-us-central1-api-f65da43c-9e7b-41d3-9d6f-c1c697be47e2]: exited {"metadata":{"emulator":{"name":"functions"},"message":"[worker-us-central1-api-f65da43c-9e7b-41d3-9d6f-c1c697be47e2]: exited"}}
[debug] [2021-06-24T11:21:18.654Z] [worker-us-central1-api-f65da43c-9e7b-41d3-9d6f-c1c697be47e2]: FINISHED {"metadata":{"emulator":{"name":"functions"},"message":"[worker-us-central1-api-f65da43c-9e7b-41d3-9d6f-c1c697be47e2]: FINISHED"}}
[debug] [2021-06-24T11:21:18.655Z] [work-queue] {"queueLength":0,"workRunningCount":0}
